TN:
SF:src\commands\prefix\misc\donate.js
FN:8,(anonymous_0)
FN:20,(anonymous_1)
FNF:2
FNH:1
FNDA:2,(anonymous_0)
FNDA:0,(anonymous_1)
DA:1,4
DA:3,4
DA:9,2
DA:20,2
LF:4
LH:4
BRF:0
BRH:0
end_of_record
TN:
SF:src\commands\prefix\music\247.js
FN:14,(anonymous_0)
FNF:1
FNH:1
FNDA:2,(anonymous_0)
DA:1,4
DA:2,4
DA:5,4
DA:7,4
DA:9,4
DA:15,2
DA:16,2
DA:18,2
DA:19,2
DA:20,2
DA:21,1
DA:23,1
DA:28,1
DA:30,1
DA:31,1
LF:15
LH:15
BRDA:16,0,0,0
BRDA:16,0,1,2
BRDA:24,1,0,1
BRDA:24,1,1,0
BRF:4
BRH:2
end_of_record
TN:
SF:src\commands\prefix\music\forward.js
FN:17,(anonymous_0)
FNF:1
FNH:1
FNDA:2,(anonymous_0)
DA:1,4
DA:2,4
DA:3,4
DA:6,4
DA:8,4
DA:10,4
DA:12,4
DA:18,2
DA:19,2
DA:21,2
DA:22,2
DA:23,2
DA:24,2
DA:26,2
DA:27,2
DA:28,2
DA:29,2
DA:30,1
DA:31,1
DA:34,1
DA:35,1
DA:36,0
DA:40,1
DA:41,1
DA:44,1
DA:46,0
DA:47,0
LF:27
LH:24
BRDA:19,0,0,0
BRDA:19,0,1,2
BRDA:24,1,0,0
BRDA:24,1,1,2
BRDA:27,2,0,2
BRDA:27,2,1,0
BRDA:29,3,0,1
BRDA:29,3,1,1
BRDA:29,4,0,2
BRDA:29,4,1,1
BRDA:35,5,0,0
BRDA:35,5,1,1
BRF:12
BRH:8
end_of_record
TN:
SF:src\commands\prefix\music\leave.js
FN:14,(anonymous_0)
FNF:1
FNH:1
FNDA:2,(anonymous_0)
DA:1,4
DA:2,4
DA:5,4
DA:7,4
DA:9,4
DA:15,2
DA:16,2
DA:18,2
DA:19,2
DA:20,2
DA:21,2
DA:24,2
DA:26,0
DA:27,0
LF:14
LH:12
BRDA:16,0,0,0
BRDA:16,0,1,2
BRDA:19,1,0,2
BRDA:19,1,1,0
BRF:4
BRH:2
end_of_record
TN:
SF:src\commands\prefix\music\lofi.js
FN:13,(anonymous_0)
FNF:1
FNH:1
FNDA:4,(anonymous_0)
DA:1,4
DA:2,4
DA:4,4
DA:6,4
DA:8,4
DA:14,4
DA:15,4
DA:16,1
DA:18,3
DA:19,2
DA:20,1
DA:22,1
DA:23,1
DA:24,1
DA:25,0
DA:34,1
DA:35,0
DA:36,0
DA:38,0
DA:42,1
DA:45,1
DA:46,0
DA:48,1
DA:49,1
DA:50,1
DA:51,1
DA:52,1
DA:53,1
DA:55,1
DA:57,1
DA:61,1
DA:63,0
DA:64,0
LF:33
LH:26
BRDA:15,0,0,1
BRDA:15,0,1,3
BRDA:19,1,0,1
BRDA:19,1,1,1
BRDA:19,2,0,2
BRDA:19,2,1,1
BRDA:24,3,0,0
BRDA:24,3,1,1
BRDA:34,4,0,0
BRDA:34,4,1,1
BRDA:34,5,0,1
BRDA:34,5,1,0
BRDA:45,6,0,0
BRDA:45,6,1,1
BRDA:55,7,0,0
BRDA:55,7,1,1
BRDA:55,8,0,1
BRDA:55,8,1,0
BRF:18
BRH:12
end_of_record
TN:
SF:src\commands\prefix\music\loop.js
FN:16,(anonymous_0)
FNF:1
FNH:1
FNDA:2,(anonymous_0)
DA:1,4
DA:2,4
DA:5,4
DA:7,4
DA:9,4
DA:11,4
DA:17,2
DA:18,2
DA:20,2
DA:21,2
DA:22,2
DA:26,2
DA:27,1
DA:28,1
DA:32,1
DA:33,0
DA:34,0
DA:37,1
DA:38,1
DA:44,2
DA:45,1
DA:46,1
DA:48,1
DA:49,1
LF:24
LH:22
BRDA:18,0,0,0
BRDA:18,0,1,2
BRDA:22,1,0,2
BRDA:22,1,1,0
BRDA:26,2,0,1
BRDA:26,2,1,1
BRDA:27,3,0,0
BRDA:27,3,1,1
BRDA:29,4,0,1
BRDA:29,4,1,0
BRDA:32,5,0,0
BRDA:32,5,1,1
BRDA:32,6,0,1
BRDA:32,6,1,1
BRDA:37,7,0,0
BRDA:37,7,1,1
BRDA:39,8,0,1
BRDA:39,8,1,0
BRF:18
BRH:11
end_of_record
TN:
SF:src\commands\prefix\music\lyrics.js
FN:14,(anonymous_0)
FN:30,(anonymous_1)
FN:35,(anonymous_2)
FNF:3
FNH:1
FNDA:2,(anonymous_0)
FNDA:0,(anonymous_1)
FNDA:0,(anonymous_2)
DA:1,4
DA:2,4
DA:5,4
DA:7,4
DA:9,4
DA:15,2
DA:16,2
DA:18,2
DA:19,2
DA:20,2
DA:21,2
DA:22,0
DA:24,2
DA:26,2
DA:27,2
DA:28,0
DA:33,2
DA:37,1
DA:38,1
LF:19
LH:17
BRDA:16,0,0,0
BRDA:16,0,1,2
BRDA:21,1,0,0
BRDA:21,1,1,2
BRDA:27,2,0,0
BRDA:27,2,1,2
BRF:6
BRH:3
end_of_record
TN:
SF:src\commands\prefix\music\nowplaying.js
FN:15,(anonymous_0)
FNF:1
FNH:1
FNDA:2,(anonymous_0)
DA:1,4
DA:2,4
DA:3,4
DA:4,4
DA:6,4
DA:8,4
DA:10,4
DA:16,2
DA:17,2
DA:18,2
DA:19,0
DA:23,2
DA:24,2
DA:25,2
DA:26,2
DA:29,2
DA:30,2
DA:32,2
DA:57,2
DA:59,0
DA:60,0
LF:21
LH:18
BRDA:18,0,0,0
BRDA:18,0,1,2
BRDA:18,1,0,2
BRDA:18,1,1,2
BRDA:29,2,0,2
BRDA:29,2,1,0
BRDA:34,3,0,2
BRDA:34,3,1,0
BRDA:38,4,0,2
BRDA:38,4,1,2
BRDA:40,5,0,2
BRDA:40,5,1,0
BRF:12
BRH:8
end_of_record
TN:
SF:src\commands\prefix\music\pause.js
FN:13,(anonymous_0)
FNF:1
FNH:1
FNDA:2,(anonymous_0)
DA:1,4
DA:4,4
DA:6,4
DA:8,4
DA:14,2
DA:15,2
DA:17,2
DA:18,2
DA:19,2
DA:20,2
DA:22,0
DA:23,0
LF:12
LH:10
BRDA:15,0,0,0
BRDA:15,0,1,2
BRDA:20,1,0,0
BRDA:20,1,1,2
BRF:4
BRH:2
end_of_record
TN:
SF:src\commands\prefix\music\play.js
FN:8,(anonymous_0)
FNF:1
FNH:1
FNDA:1,(anonymous_0)
DA:1,3
DA:3,3
DA:9,1
LF:3
LH:3
BRF:0
BRH:0
end_of_record
TN:
SF:src\commands\prefix\music\queue.js
FN:15,buildNavRow
FN:45,buildPages
FN:82,(anonymous_2)
FN:102,(anonymous_3)
FN:107,(anonymous_4)
FN:119,(anonymous_5)
FNF:6
FNH:2
FNDA:0,buildNavRow
FNDA:2,buildPages
FNDA:2,(anonymous_2)
FNDA:0,(anonymous_3)
FNDA:0,(anonymous_4)
FNDA:0,(anonymous_5)
DA:1,4
DA:2,4
DA:3,4
DA:4,4
DA:5,4
DA:8,4
DA:10,4
DA:12,4
DA:13,4
DA:16,0
DA:46,2
DA:47,2
DA:49,2
DA:50,2
DA:51,2
DA:52,2
DA:53,2
DA:58,2
DA:59,2
DA:60,2
DA:63,2
DA:71,2
DA:72,2
DA:74,2
DA:77,4
DA:83,2
DA:84,2
DA:86,2
DA:87,2
DA:88,2
DA:89,0
DA:91,2
DA:92,2
DA:93,2
DA:95,0
DA:96,0
DA:101,0
DA:102,0
DA:107,0
DA:108,0
DA:109,0
DA:110,0
DA:111,0
DA:112,0
DA:114,0
DA:122,0
DA:124,0
DA:125,0
LF:48
LH:32
BRDA:68,0,0,0
BRDA:68,0,1,2
BRDA:71,1,0,2
BRDA:71,1,1,2
BRDA:84,2,0,0
BRDA:84,2,1,2
BRDA:88,3,0,0
BRDA:88,3,1,2
BRDA:92,4,0,2
BRDA:92,4,1,0
BRDA:109,5,0,0
BRDA:109,5,1,0
BRDA:110,6,0,0
BRDA:110,6,1,0
BRDA:111,7,0,0
BRDA:111,7,1,0
BRDA:112,8,0,0
BRDA:112,8,1,0
BRF:18
BRH:6
end_of_record
TN:
SF:src\commands\prefix\music\remove.js
FN:16,(anonymous_0)
FNF:1
FNH:1
FNDA:2,(anonymous_0)
DA:1,4
DA:2,4
DA:3,4
DA:6,4
DA:8,4
DA:10,4
DA:17,2
DA:18,2
DA:20,2
DA:21,2
DA:22,2
DA:24,2
DA:25,0
DA:26,0
DA:27,0
DA:28,0
DA:31,0
DA:34,2
DA:35,2
DA:36,1
DA:40,1
DA:41,0
DA:45,1
DA:46,1
DA:48,1
DA:51,1
DA:53,0
DA:54,0
LF:28
LH:20
BRDA:18,0,0,0
BRDA:18,0,1,2
BRDA:22,1,0,2
BRDA:22,1,1,0
BRDA:24,2,0,0
BRDA:24,2,1,2
BRDA:24,3,0,2
BRDA:24,3,1,2
BRDA:25,4,0,0
BRDA:25,4,1,0
BRDA:35,5,0,1
BRDA:35,5,1,1
BRDA:35,6,0,2
BRDA:35,6,1,1
BRDA:40,7,0,0
BRDA:40,7,1,1
BRF:16
BRH:10
end_of_record
TN:
SF:src\commands\prefix\music\resume.js
FN:13,(anonymous_0)
FNF:1
FNH:1
FNDA:2,(anonymous_0)
DA:1,4
DA:4,4
DA:6,4
DA:8,4
DA:14,2
DA:15,2
DA:17,2
DA:18,2
DA:19,2
DA:20,1
DA:21,1
DA:23,0
DA:24,0
LF:13
LH:11
BRDA:15,0,0,0
BRDA:15,0,1,2
BRDA:19,1,0,1
BRDA:19,1,1,1
BRF:4
BRH:3
end_of_record
TN:
SF:src\commands\prefix\music\shuffle.js
FN:14,(anonymous_0)
FNF:1
FNH:1
FNDA:2,(anonymous_0)
DA:1,4
DA:2,4
DA:5,4
DA:7,4
DA:9,4
DA:15,2
DA:16,2
DA:18,2
DA:19,2
DA:20,2
DA:23,2
DA:25,0
DA:26,0
LF:13
LH:11
BRDA:16,0,0,0
BRDA:16,0,1,2
BRF:2
BRH:1
end_of_record
TN:
SF:src\commands\prefix\music\skip.js
FN:14,(anonymous_0)
FNF:1
FNH:1
FNDA:2,(anonymous_0)
DA:1,4
DA:2,4
DA:5,4
DA:7,4
DA:9,4
DA:15,2
DA:16,2
DA:18,2
DA:19,2
DA:20,2
DA:23,2
DA:25,0
DA:26,0
LF:13
LH:11
BRDA:16,0,0,0
BRDA:16,0,1,2
BRF:2
BRH:1
end_of_record
TN:
SF:src\commands\prefix\music\stop.js
FN:14,(anonymous_0)
FNF:1
FNH:1
FNDA:2,(anonymous_0)
DA:1,4
DA:2,4
DA:5,4
DA:7,4
DA:9,4
DA:15,2
DA:16,2
DA:18,2
DA:19,2
DA:20,2
DA:23,2
DA:25,0
DA:26,0
LF:13
LH:11
BRDA:16,0,0,0
BRDA:16,0,1,2
BRF:2
BRH:1
end_of_record
TN:
SF:src\commands\prefix\music\volume.js
FN:17,(anonymous_0)
FNF:1
FNH:1
FNDA:2,(anonymous_0)
DA:1,4
DA:2,4
DA:5,4
DA:7,4
DA:9,4
DA:10,4
DA:12,4
DA:18,2
DA:19,2
DA:21,2
DA:22,2
DA:23,2
DA:24,0
DA:26,2
DA:27,2
DA:28,1
DA:32,1
DA:33,1
DA:36,1
DA:38,0
DA:39,0
LF:21
LH:18
BRDA:19,0,0,0
BRDA:19,0,1,2
BRDA:23,1,0,0
BRDA:23,1,1,2
BRDA:27,2,0,1
BRDA:27,2,1,1
BRDA:27,3,0,2
BRDA:27,3,1,1
BRDA:27,3,2,1
BRF:9
BRH:7
end_of_record
TN:
SF:src\commands\slash\alarm\admin.js
FN:20,groupAlarmsByUser
FN:29,formatAlarmTime
FN:38,buildAdminEmbed
FN:72,(anonymous_3)
FN:89,buildAdminControlRow
FN:106,(anonymous_5)
FN:154,(anonymous_6)
FN:262,(anonymous_7)
FN:263,(anonymous_8)
FNF:9
FNH:1
FNDA:0,groupAlarmsByUser
FNDA:0,formatAlarmTime
FNDA:0,buildAdminEmbed
FNDA:0,(anonymous_3)
FNDA:0,buildAdminControlRow
FNDA:1,(anonymous_5)
FNDA:0,(anonymous_6)
FNDA:0,(anonymous_7)
FNDA:0,(anonymous_8)
DA:7,2
DA:12,2
DA:13,2
DA:14,2
DA:15,2
DA:17,2
DA:18,2
DA:21,0
DA:22,0
DA:23,0
DA:24,0
DA:26,0
DA:30,0
DA:31,0
DA:32,0
DA:33,0
DA:34,0
DA:35,0
DA:39,0
DA:40,0
DA:41,0
DA:42,0
DA:43,0
DA:45,0
DA:56,0
DA:58,0
DA:59,0
DA:60,0
DA:62,0
DA:63,0
DA:68,0
DA:71,0
DA:72,0
DA:73,0
DA:74,0
DA:75,0
DA:76,0
DA:79,0
DA:86,0
DA:90,0
DA:102,2
DA:107,1
DA:109,1
DA:110,1
DA:115,0
DA:120,1
DA:121,1
DA:125,0
DA:126,0
DA:129,0
DA:130,0
DA:137,0
DA:138,0
DA:139,0
DA:144,0
DA:149,0
DA:154,0
DA:155,0
DA:156,0
DA:162,0
DA:163,0
DA:164,0
DA:165,0
DA:167,0
DA:170,0
DA:171,0
DA:178,0
DA:179,0
DA:180,0
DA:181,0
DA:182,0
DA:183,0
DA:184,0
DA:185,0
DA:186,0
DA:188,0
DA:194,0
DA:195,0
DA:196,0
DA:204,0
DA:210,0
DA:211,0
DA:213,0
DA:217,0
DA:218,0
DA:225,0
DA:232,0
DA:234,0
DA:235,0
DA:236,0
DA:245,0
DA:251,0
DA:252,0
DA:253,0
DA:258,0
DA:262,0
DA:263,0
DA:266,1
DA:267,1
LF:99
LH:15
BRDA:23,0,0,0
BRDA:23,0,1,0
BRDA:38,1,0,0
BRDA:46,2,0,0
BRDA:46,2,1,0
BRDA:50,3,0,0
BRDA:50,3,1,0
BRDA:76,4,0,0
BRDA:76,4,1,0
BRDA:81,5,0,0
BRDA:81,5,1,0
BRDA:110,6,0,0
BRDA:110,6,1,1
BRDA:125,7,0,0
BRDA:125,7,1,0
BRDA:138,8,0,0
BRDA:138,8,1,0
BRDA:155,9,0,0
BRDA:155,9,1,0
BRDA:162,10,0,0
BRDA:162,10,1,0
BRDA:165,11,0,0
BRDA:165,11,1,0
BRDA:170,12,0,0
BRDA:170,12,1,0
BRDA:180,13,0,0
BRDA:180,13,1,0
BRDA:182,14,0,0
BRDA:182,14,1,0
BRDA:183,15,0,0
BRDA:183,15,1,0
BRDA:184,16,0,0
BRDA:184,16,1,0
BRDA:185,17,0,0
BRDA:185,17,1,0
BRDA:195,18,0,0
BRDA:195,18,1,0
BRDA:210,19,0,0
BRDA:210,19,1,0
BRDA:217,20,0,0
BRDA:217,20,1,0
BRDA:235,21,0,0
BRDA:235,21,1,0
BRDA:251,22,0,0
BRDA:251,22,1,0
BRF:45
BRH:1
end_of_record
TN:
SF:src\commands\slash\alarm\list.js
FN:13,(anonymous_0)
FNF:1
FNH:1
FNDA:1,(anonymous_0)
DA:4,2
DA:5,2
DA:7,2
DA:9,2
DA:14,1
DA:16,1
DA:17,1
DA:21,0
DA:22,0
DA:29,0
DA:34,1
DA:37,1
LF:12
LH:9
BRF:0
BRH:0
end_of_record
TN:
SF:src\commands\slash\level\addxp.js
FN:32,(anonymous_0)
FNF:1
FNH:1
FNDA:1,(anonymous_0)
DA:1,2
DA:2,2
DA:3,2
DA:5,2
DA:33,1
DA:34,1
DA:41,0
DA:43,0
DA:45,0
DA:46,0
DA:47,0
DA:49,0
DA:50,0
DA:53,0
DA:54,0
DA:60,0
DA:68,0
DA:70,0
DA:71,0
LF:19
LH:6
BRDA:33,0,0,1
BRDA:33,0,1,0
BRDA:45,1,0,0
BRDA:45,1,1,0
BRDA:49,2,0,0
BRDA:49,2,1,0
BRF:6
BRH:1
end_of_record
TN:
SF:src\commands\slash\level\leaderboard.js
FN:9,(anonymous_0)
FN:29,(anonymous_1)
FN:30,(anonymous_2)
FN:36,(anonymous_3)
FN:48,(anonymous_4)
FN:61,(anonymous_5)
FN:80,(anonymous_6)
FN:111,(anonymous_7)
FN:131,(anonymous_8)
FN:145,(anonymous_9)
FNF:10
FNH:1
FNDA:1,(anonymous_0)
FNDA:0,(anonymous_1)
FNDA:0,(anonymous_2)
FNDA:0,(anonymous_3)
FNDA:0,(anonymous_4)
FNDA:0,(anonymous_5)
FNDA:0,(anonymous_6)
FNDA:0,(anonymous_7)
FNDA:0,(anonymous_8)
FNDA:0,(anonymous_9)
DA:1,2
DA:2,2
DA:3,2
DA:5,2
DA:10,1
DA:12,1
DA:13,1
DA:16,0
DA:20,0
DA:21,0
DA:24,0
DA:25,0
DA:26,0
DA:29,0
DA:30,0
DA:32,0
DA:36,0
DA:37,0
DA:38,0
DA:39,0
DA:41,0
DA:46,0
DA:48,0
DA:49,0
DA:50,0
DA:52,0
DA:53,0
DA:54,0
DA:56,0
DA:60,0
DA:61,0
DA:63,0
DA:64,0
DA:65,0
DA:66,0
DA:68,0
DA:69,0
DA:70,0
DA:71,0
DA:73,0
DA:76,0
DA:77,0
DA:80,0
DA:81,0
DA:83,0
DA:89,0
DA:95,0
DA:96,0
DA:99,0
DA:100,0
DA:102,0
DA:107,0
DA:111,0
DA:112,0
DA:113,0
DA:119,0
DA:120,0
DA:121,0
DA:122,0
DA:125,0
DA:131,0
DA:132,0
DA:133,0
DA:138,0
DA:143,0
DA:145,0
LF:66
LH:7
BRDA:12,0,0,1
BRDA:12,0,1,0
BRDA:20,1,0,0
BRDA:20,1,1,0
BRDA:20,2,0,0
BRDA:20,2,1,0
BRDA:32,3,0,0
BRDA:32,3,1,0
BRDA:50,4,0,0
BRDA:50,4,1,0
BRDA:66,5,0,0
BRDA:66,5,1,0
BRDA:69,6,0,0
BRDA:69,6,1,0
BRDA:70,7,0,0
BRDA:70,7,1,0
BRDA:71,8,0,0
BRDA:71,8,1,0
BRDA:112,9,0,0
BRDA:112,9,1,0
BRDA:119,10,0,0
BRDA:119,10,1,0
BRDA:121,11,0,0
BRDA:121,11,1,0
BRF:24
BRH:1
end_of_record
TN:
SF:src\commands\slash\level\rank.js
FN:22,(anonymous_0)
FNF:1
FNH:1
FNDA:1,(anonymous_0)
DA:4,2
DA:5,2
DA:6,2
DA:8,2
DA:10,2
DA:23,1
DA:25,1
DA:27,1
DA:28,1
DA:31,0
DA:36,0
DA:44,0
DA:47,0
DA:50,0
DA:63,0
DA:64,0
DA:66,0
LF:17
LH:9
BRDA:8,0,0,2
BRDA:8,0,1,0
BRDA:25,1,0,1
BRDA:25,1,1,0
BRDA:27,2,0,1
BRDA:27,2,1,0
BRDA:36,3,0,0
BRDA:36,3,1,0
BRDA:47,4,0,0
BRDA:47,4,1,0
BRDA:56,5,0,0
BRDA:56,5,1,0
BRDA:61,6,0,0
BRDA:61,6,1,0
BRF:14
BRH:3
end_of_record
TN:
SF:src\commands\slash\misc\Donate.js
FN:8,(anonymous_0)
FNF:1
FNH:1
FNDA:2,(anonymous_0)
DA:1,3
DA:2,3
DA:4,3
DA:9,2
DA:20,2
LF:5
LH:5
BRF:0
BRH:0
end_of_record
TN:
SF:src\commands\slash\misc\Help.js
FN:27,collectCommands
FN:49,(anonymous_1)
FN:87,getSortedCategories
FN:88,(anonymous_3)
FN:96,buildHomeEmbed
FN:99,getCmdName
FN:127,buildCategoryEmbed
FN:131,(anonymous_7)
FN:132,(anonymous_8)
FN:139,(anonymous_9)
FN:151,(anonymous_10)
FN:164,buildHelpComponents
FN:169,(anonymous_12)
FN:204,(anonymous_13)
FN:208,(anonymous_14)
FNF:15
FNH:7
FNDA:6,collectCommands
FNDA:294,(anonymous_1)
FNDA:1,getSortedCategories
FNDA:16,(anonymous_3)
FNDA:1,buildHomeEmbed
FNDA:0,getCmdName
FNDA:0,buildCategoryEmbed
FNDA:0,(anonymous_7)
FNDA:0,(anonymous_8)
FNDA:0,(anonymous_9)
FNDA:0,(anonymous_10)
FNDA:0,buildHelpComponents
FNDA:0,(anonymous_12)
FNDA:1,(anonymous_13)
FNDA:8,(anonymous_14)
DA:1,17
DA:2,17
DA:8,17
DA:9,17
DA:10,17
DA:11,17
DA:12,17
DA:14,17
DA:16,17
DA:28,6
DA:32,6
DA:34,6
DA:35,12
DA:37,12
DA:38,12
DA:40,0
DA:43,12
DA:44,66
DA:46,60
DA:48,60
DA:49,60
DA:50,294
DA:53,0
DA:55,60
DA:57,60
DA:58,294
DA:59,294
DA:60,294
DA:61,294
DA:63,288
DA:66,288
DA:68,288
DA:75,0
DA:79,60
DA:80,0
DA:84,6
DA:88,1
DA:89,16
DA:90,16
DA:91,16
DA:92,0
DA:97,1
DA:100,0
DA:101,0
DA:104,1
DA:128,0
DA:129,0
DA:131,0
DA:132,0
DA:134,0
DA:135,0
DA:136,0
DA:137,0
DA:139,0
DA:143,0
DA:144,0
DA:145,0
DA:147,0
DA:148,0
DA:151,0
DA:157,0
DA:165,0
DA:170,0
DA:171,0
DA:179,0
DA:181,0
DA:182,0
DA:189,0
DA:192,0
DA:195,17
DA:205,1
DA:206,1
DA:207,1
DA:208,8
DA:211,1
DA:213,1
DA:219,0
DA:221,0
DA:222,0
DA:224,1
DA:225,1
LF:81
LH:47
BRDA:44,0,0,6
BRDA:44,0,1,60
BRDA:55,1,0,48
BRDA:55,1,1,12
BRDA:60,2,0,0
BRDA:60,2,1,294
BRDA:60,3,0,294
BRDA:60,3,1,294
BRDA:61,4,0,6
BRDA:61,4,1,288
BRDA:63,5,0,186
BRDA:63,5,1,102
BRDA:66,6,0,288
BRDA:66,6,1,286
BRDA:70,7,0,288
BRDA:70,7,1,286
BRDA:71,8,0,288
BRDA:71,8,1,286
BRDA:79,9,0,0
BRDA:79,9,1,60
BRDA:89,10,0,16
BRDA:89,10,1,0
BRDA:90,11,0,16
BRDA:90,11,1,0
BRDA:91,12,0,16
BRDA:91,12,1,0
BRDA:97,13,0,1
BRDA:97,13,1,1
BRDA:97,13,2,1
BRDA:101,14,0,0
BRDA:101,14,1,0
BRDA:128,15,0,0
BRDA:128,15,1,0
BRDA:128,15,2,0
BRDA:129,16,0,0
BRDA:129,16,1,0
BRDA:135,17,0,0
BRDA:135,17,1,0
BRDA:139,18,0,0
BRDA:139,18,1,0
BRDA:143,19,0,0
BRDA:143,19,1,0
BRDA:144,20,0,0
BRDA:144,20,1,0
BRDA:151,21,0,0
BRDA:151,21,1,0
BRDA:159,22,0,0
BRDA:159,22,1,0
BRDA:164,23,0,0
BRDA:170,24,0,0
BRDA:170,24,1,0
BRDA:181,25,0,0
BRDA:181,25,1,0
BRF:53
BRH:24
end_of_record
TN:
SF:src\commands\slash\music\filter.js
FN:34,(anonymous_0)
FN:51,(anonymous_1)
FN:126,(anonymous_2)
FN:128,(anonymous_3)
FN:131,(anonymous_4)
FNF:5
FNH:4
FNDA:11,(anonymous_0)
FNDA:9,(anonymous_1)
FNDA:11,(anonymous_2)
FNDA:11,(anonymous_3)
FNDA:0,(anonymous_4)
DA:1,3
DA:2,3
DA:4,3
DA:35,11
DA:37,11
DA:38,11
DA:40,11
DA:41,11
DA:42,10
DA:43,10
DA:48,0
DA:50,9
DA:51,4
DA:52,9
DA:53,9
DA:54,9
DA:56,9
DA:57,1
DA:58,1
DA:59,1
DA:60,1
DA:63,8
DA:64,1
DA:65,1
DA:66,7
DA:67,2
DA:69,1
DA:70,1
DA:87,5
DA:88,1
DA:89,1
DA:90,4
DA:91,1
DA:92,1
DA:93,3
DA:94,1
DA:96,0
DA:101,2
DA:102,1
DA:104,1
DA:110,1
DA:111,1
DA:112,1
DA:115,8
DA:116,8
DA:120,9
DA:121,9
DA:126,11
DA:127,9
DA:128,11
DA:130,9
DA:131,0
DA:135,0
LF:53
LH:49
BRDA:41,0,0,1
BRDA:41,0,1,10
BRDA:43,1,0,0
BRDA:43,1,1,9
BRDA:44,2,0,10
BRDA:44,2,1,10
BRDA:50,3,0,4
BRDA:50,3,1,5
BRDA:51,4,0,0
BRDA:53,5,0,0
BRDA:53,5,1,9
BRDA:54,6,0,4
BRDA:54,6,1,5
BRDA:56,7,0,1
BRDA:56,7,1,8
BRDA:63,8,0,1
BRDA:63,8,1,7
BRDA:64,9,0,0
BRDA:64,9,1,1
BRDA:66,10,0,2
BRDA:66,10,1,5
BRDA:67,11,0,1
BRDA:67,11,1,1
BRDA:69,12,0,1
BRDA:69,12,1,0
BRDA:87,13,0,1
BRDA:87,13,1,4
BRDA:88,14,0,0
BRDA:88,14,1,1
BRDA:90,15,0,1
BRDA:90,15,1,3
BRDA:91,16,0,0
BRDA:91,16,1,1
BRDA:93,17,0,1
BRDA:93,17,1,2
BRDA:94,18,0,1
BRDA:94,18,1,0
BRDA:101,19,0,1
BRDA:101,19,1,1
BRDA:102,20,0,0
BRDA:102,20,1,1
BRDA:110,21,0,1
BRDA:110,21,1,0
BRDA:111,22,0,0
BRDA:111,22,1,1
BRDA:128,23,0,7
BRDA:128,23,1,2
BRF:47
BRH:36
end_of_record
TN:
SF:src\commands\slash\music\forward.js
FN:20,(anonymous_0)
FNF:1
FNH:1
FNDA:4,(anonymous_0)
DA:1,3
DA:2,3
DA:3,3
DA:5,3
DA:7,3
DA:21,4
DA:22,4
DA:23,4
DA:24,4
DA:29,0
DA:31,3
DA:33,3
DA:34,3
DA:36,3
DA:37,2
DA:38,1
DA:40,1
DA:44,1
DA:46,1
DA:50,1
DA:51,0
DA:54,2
DA:55,1
DA:56,1
DA:58,1
DA:62,1
DA:64,0
LF:27
LH:24
BRDA:22,0,0,0
BRDA:22,0,1,4
BRDA:24,1,0,0
BRDA:24,1,1,3
BRDA:25,2,0,4
BRDA:25,2,1,4
BRDA:36,3,0,2
BRDA:36,3,1,1
BRDA:36,4,0,3
BRDA:36,4,1,2
BRDA:37,5,0,1
BRDA:37,5,1,1
BRDA:50,6,0,0
BRDA:50,6,1,1
BRDA:50,7,0,1
BRDA:50,7,1,0
BRDA:54,8,0,1
BRDA:54,8,1,1
BRDA:55,9,0,1
BRDA:55,9,1,0
BRF:20
BRH:15
end_of_record
TN:
SF:src\commands\slash\music\leave.js
FN:7,(anonymous_0)
FN:38,(anonymous_1)
FNF:2
FNH:1
FNDA:4,(anonymous_0)
FNDA:0,(anonymous_1)
DA:1,3
DA:3,3
DA:8,4
DA:9,4
DA:10,1
DA:14,1
DA:17,3
DA:18,3
DA:23,1
DA:27,1
DA:30,1
DA:32,1
DA:36,1
DA:38,1
DA:39,0
DA:40,0
LF:16
LH:14
BRDA:9,0,0,1
BRDA:9,0,1,3
BRDA:18,1,0,1
BRDA:18,1,1,1
BRDA:19,2,0,3
BRDA:19,2,1,3
BRF:6
BRH:6
end_of_record
TN:
SF:src\commands\slash\music\lofi.js
FN:7,(anonymous_0)
FNF:1
FNH:1
FNDA:6,(anonymous_0)
DA:1,3
DA:3,3
DA:8,6
DA:9,6
DA:11,6
DA:12,1
DA:18,5
DA:22,1
DA:28,3
DA:30,3
DA:31,3
DA:32,0
DA:41,3
DA:42,2
DA:43,2
DA:45,0
DA:49,3
DA:50,3
DA:54,3
DA:55,1
DA:58,2
DA:60,2
DA:61,2
DA:63,2
DA:64,2
DA:65,2
DA:67,2
DA:69,2
DA:74,2
LF:29
LH:27
BRDA:11,0,0,1
BRDA:11,0,1,5
BRDA:18,1,0,1
BRDA:18,1,1,3
BRDA:19,2,0,5
BRDA:19,2,1,4
BRDA:31,3,0,0
BRDA:31,3,1,3
BRDA:41,4,0,2
BRDA:41,4,1,1
BRDA:41,5,0,3
BRDA:41,5,1,2
BRDA:54,6,0,1
BRDA:54,6,1,2
BRDA:54,7,0,3
BRDA:54,7,1,3
BRDA:67,8,0,0
BRDA:67,8,1,2
BRDA:67,9,0,2
BRDA:67,9,1,0
BRF:20
BRH:17
end_of_record
TN:
SF:src\commands\slash\music\loop.js
FN:26,(anonymous_0)
FNF:1
FNH:1
FNDA:2,(anonymous_0)
DA:1,3
DA:2,3
DA:4,3
DA:27,2
DA:28,2
DA:30,2
DA:31,2
DA:36,0
DA:38,1
DA:41,1
DA:42,1
DA:43,1
DA:47,0
DA:48,0
DA:49,0
DA:55,1
DA:56,1
DA:58,1
LF:18
LH:14
BRDA:28,0,0,0
BRDA:28,0,1,2
BRDA:31,1,0,0
BRDA:31,1,1,1
BRDA:32,2,0,2
BRDA:32,2,1,2
BRDA:41,3,0,1
BRDA:41,3,1,0
BRDA:42,4,0,0
BRDA:42,4,1,1
BRDA:44,5,0,1
BRDA:44,5,1,0
BRDA:47,6,0,0
BRDA:47,6,1,0
BRDA:48,7,0,0
BRDA:48,7,1,0
BRDA:50,8,0,0
BRDA:50,8,1,0
BRF:18
BRH:7
end_of_record
TN:
SF:src\commands\slash\music\lyrics.js
FN:17,nowPlayingControls
FN:30,(anonymous_1)
FN:31,(anonymous_2)
FNF:3
FNH:2
FNDA:2,nowPlayingControls
FNDA:4,(anonymous_1)
FNDA:0,(anonymous_2)
DA:1,3
DA:5,3
DA:13,3
DA:15,3
DA:18,2
DA:25,3
DA:31,4
DA:32,4
DA:34,3
DA:35,3
DA:36,3
DA:37,0
DA:38,0
DA:41,3
DA:42,3
DA:44,3
DA:45,2
DA:47,2
DA:49,2
DA:50,1
DA:51,1
DA:54,1
DA:57,1
DA:62,1
DA:63,0
DA:66,1
DA:70,1
DA:71,1
DA:74,1
DA:75,1
DA:78,1
DA:79,1
DA:81,0
DA:83,0
DA:89,0
DA:90,0
DA:91,0
LF:37
LH:29
BRDA:20,0,0,2
BRDA:20,0,1,0
BRDA:32,1,0,1
BRDA:32,1,1,3
BRDA:36,2,0,0
BRDA:36,2,1,3
BRDA:44,3,0,2
BRDA:44,3,1,1
BRDA:49,4,0,1
BRDA:49,4,1,1
BRDA:62,5,0,0
BRDA:62,5,1,1
BRDA:83,6,0,0
BRDA:83,6,1,0
BRDA:83,7,0,0
BRDA:83,7,1,0
BRDA:85,8,0,0
BRDA:85,8,1,0
BRF:18
BRH:9
end_of_record
TN:
SF:src\commands\slash\music\nowplaying.js
FN:10,(anonymous_0)
FNF:1
FNH:1
FNDA:1,(anonymous_0)
DA:1,2
DA:2,2
DA:3,2
DA:4,2
DA:6,2
DA:11,1
DA:12,1
DA:13,0
DA:19,1
DA:20,1
DA:21,1
DA:22,1
DA:23,1
DA:24,1
DA:26,1
DA:60,0
LF:16
LH:14
BRDA:12,0,0,0
BRDA:12,0,1,1
BRDA:12,1,0,1
BRDA:12,1,1,1
BRDA:23,2,0,1
BRDA:23,2,1,0
BRDA:28,3,0,1
BRDA:28,3,1,0
BRDA:32,4,0,1
BRDA:32,4,1,1
BRDA:36,5,0,1
BRDA:36,5,1,0
BRF:12
BRH:8
end_of_record
TN:
SF:src\commands\slash\music\pause.js
FN:6,(anonymous_0)
FN:38,(anonymous_1)
FNF:2
FNH:1
FNDA:2,(anonymous_0)
FNDA:0,(anonymous_1)
DA:1,3
DA:3,3
DA:7,2
DA:8,2
DA:9,0
DA:13,0
DA:16,2
DA:17,2
DA:22,0
DA:26,0
DA:29,1
DA:30,1
DA:32,1
DA:36,1
DA:38,1
DA:39,0
DA:40,0
LF:17
LH:11
BRDA:8,0,0,0
BRDA:8,0,1,2
BRDA:17,1,0,0
BRDA:17,1,1,1
BRDA:18,2,0,2
BRDA:18,2,1,2
BRDA:30,3,0,0
BRDA:30,3,1,1
BRF:8
BRH:5
end_of_record
TN:
SF:src\commands\slash\music\play.js
FN:18,(anonymous_0)
FNF:1
FNH:1
FNDA:3,(anonymous_0)
DA:1,3
DA:2,3
DA:4,3
DA:19,3
LF:4
LH:4
BRF:0
BRH:0
end_of_record
TN:
SF:src\commands\slash\music\queue.js
FN:18,(anonymous_0)
FNF:1
FNH:1
FNDA:5,(anonymous_0)
DA:1,3
DA:2,3
DA:3,3
DA:4,3
DA:6,3
DA:19,5
DA:21,5
DA:22,5
DA:23,5
DA:24,5
DA:29,0
DA:31,4
DA:33,4
DA:34,4
DA:36,4
DA:37,4
DA:39,4
DA:40,4
DA:41,18
DA:42,18
DA:48,4
DA:49,4
DA:50,5
DA:52,5
DA:61,5
DA:62,0
DA:64,5
DA:67,5
DA:70,4
DA:71,2
DA:72,1
DA:80,1
DA:82,2
DA:83,2
DA:84,1
DA:87,1
DA:88,1
LF:37
LH:35
BRDA:22,0,0,0
BRDA:22,0,1,5
BRDA:24,1,0,0
BRDA:24,1,1,4
BRDA:25,2,0,5
BRDA:25,2,1,5
BRDA:37,3,0,0
BRDA:37,3,1,4
BRDA:57,4,0,0
BRDA:57,4,1,5
BRDA:61,5,0,0
BRDA:61,5,1,5
BRDA:70,6,0,2
BRDA:70,6,1,2
BRDA:71,7,0,1
BRDA:71,7,1,1
BRDA:71,8,0,2
BRDA:71,8,1,2
BRDA:82,9,0,0
BRDA:82,9,1,2
BRDA:83,10,0,1
BRDA:83,10,1,1
BRDA:87,11,0,0
BRDA:87,11,1,1
BRF:24
BRH:17
end_of_record
TN:
SF:src\commands\slash\music\remove.js
FN:30,(anonymous_0)
FNF:1
FNH:1
FNDA:6,(anonymous_0)
DA:1,3
DA:2,3
DA:3,3
DA:4,3
DA:6,3
DA:31,6
DA:33,6
DA:34,6
DA:35,0
DA:38,0
DA:41,6
DA:42,6
DA:47,0
DA:50,0
DA:53,5
DA:55,5
DA:56,3
DA:58,3
DA:59,1
DA:62,1
DA:65,2
DA:66,1
DA:69,1
DA:72,1
DA:73,1
DA:75,1
DA:79,1
DA:80,1
DA:83,2
DA:84,2
DA:85,1
DA:88,1
DA:91,1
DA:93,1
DA:97,1
DA:98,1
LF:36
LH:32
BRDA:34,0,0,0
BRDA:34,0,1,6
BRDA:42,1,0,0
BRDA:42,1,1,5
BRDA:43,2,0,6
BRDA:43,2,1,6
BRDA:55,3,0,3
BRDA:55,3,1,2
BRDA:58,4,0,1
BRDA:58,4,1,2
BRDA:65,5,0,1
BRDA:65,5,1,1
BRDA:83,6,0,2
BRDA:83,6,1,0
BRDA:84,7,0,1
BRDA:84,7,1,1
BRF:16
BRH:13
end_of_record
TN:
SF:src\commands\slash\music\resume.js
FN:7,(anonymous_0)
FN:39,(anonymous_1)
FNF:2
FNH:1
FNDA:2,(anonymous_0)
FNDA:0,(anonymous_1)
DA:1,3
DA:3,3
DA:8,2
DA:9,2
DA:10,0
DA:14,0
DA:17,2
DA:18,2
DA:23,0
DA:27,0
DA:30,1
DA:31,1
DA:33,1
DA:37,1
DA:39,1
DA:40,0
DA:41,0
LF:17
LH:11
BRDA:9,0,0,0
BRDA:9,0,1,2
BRDA:18,1,0,0
BRDA:18,1,1,1
BRDA:19,2,0,2
BRDA:19,2,1,2
BRDA:31,3,0,1
BRDA:31,3,1,0
BRF:8
BRH:5
end_of_record
TN:
SF:src\commands\slash\music\search.js
FN:23,(anonymous_0)
FN:107,(anonymous_1)
FN:123,(anonymous_2)
FN:128,(anonymous_3)
FN:180,(anonymous_4)
FNF:5
FNH:4
FNDA:6,(anonymous_0)
FNDA:5,(anonymous_1)
FNDA:0,(anonymous_2)
FNDA:5,(anonymous_3)
FNDA:1,(anonymous_4)
DA:1,3
DA:8,3
DA:9,3
DA:11,3
DA:24,6
DA:26,6
DA:27,6
DA:28,6
DA:29,0
DA:30,6
DA:35,1
DA:38,4
DA:43,1
DA:47,3
DA:49,3
DA:57,3
DA:89,3
DA:90,3
DA:92,2
DA:93,1
DA:95,1
DA:97,1
DA:101,1
DA:103,1
DA:104,1
DA:108,5
DA:112,1
DA:121,1
DA:122,1
DA:123,0
DA:128,1
DA:129,5
DA:130,5
DA:132,5
DA:133,1
DA:134,1
DA:136,1
DA:140,1
DA:141,4
DA:142,1
DA:143,1
DA:145,1
DA:149,1
DA:150,3
DA:151,1
DA:152,1
DA:154,1
DA:158,1
DA:159,2
DA:160,1
DA:161,1
DA:163,1
DA:167,1
DA:168,1
DA:169,1
DA:170,1
DA:172,1
DA:176,1
DA:180,1
DA:181,1
DA:182,1
DA:187,1
LF:62
LH:60
BRDA:28,0,0,0
BRDA:28,0,1,6
BRDA:30,1,0,1
BRDA:30,1,1,4
BRDA:38,2,0,1
BRDA:38,2,1,3
BRDA:90,3,0,1
BRDA:90,3,1,2
BRDA:92,4,0,1
BRDA:92,4,1,1
BRDA:95,5,0,0
BRDA:95,5,1,1
BRDA:95,6,0,1
BRDA:95,6,1,0
BRDA:129,7,0,0
BRDA:129,7,1,5
BRDA:129,8,0,5
BRDA:129,8,1,0
BRDA:132,9,0,1
BRDA:132,9,1,4
BRDA:134,10,0,0
BRDA:134,10,1,1
BRDA:134,11,0,1
BRDA:134,11,1,0
BRDA:140,12,0,1
BRDA:140,12,1,0
BRDA:141,13,0,1
BRDA:141,13,1,3
BRDA:143,14,0,0
BRDA:143,14,1,1
BRDA:143,15,0,1
BRDA:143,15,1,0
BRDA:149,16,0,1
BRDA:149,16,1,0
BRDA:150,17,0,1
BRDA:150,17,1,2
BRDA:152,18,0,0
BRDA:152,18,1,1
BRDA:152,19,0,1
BRDA:152,19,1,0
BRDA:158,20,0,1
BRDA:158,20,1,0
BRDA:159,21,0,1
BRDA:159,21,1,1
BRDA:161,22,0,0
BRDA:161,22,1,1
BRDA:161,23,0,1
BRDA:161,23,1,0
BRDA:167,24,0,1
BRDA:167,24,1,0
BRDA:168,25,0,1
BRDA:168,25,1,0
BRDA:170,26,0,0
BRDA:170,26,1,1
BRDA:170,27,0,1
BRDA:170,27,1,0
BRDA:176,28,0,1
BRDA:176,28,1,0
BRDA:181,29,0,1
BRDA:181,29,1,0
BRDA:187,30,0,0
BRDA:187,30,1,1
BRF:62
BRH:39
end_of_record
TN:
SF:src\commands\slash\music\shuffle.js
FN:7,(anonymous_0)
FN:38,(anonymous_1)
FNF:2
FNH:1
FNDA:4,(anonymous_0)
FNDA:0,(anonymous_1)
DA:1,3
DA:3,3
DA:8,4
DA:9,4
DA:10,1
DA:14,1
DA:17,3
DA:18,3
DA:23,1
DA:27,1
DA:30,1
DA:32,1
DA:36,1
DA:38,1
DA:39,0
DA:40,0
LF:16
LH:14
BRDA:9,0,0,1
BRDA:9,0,1,3
BRDA:18,1,0,1
BRDA:18,1,1,1
BRDA:19,2,0,3
BRDA:19,2,1,3
BRF:6
BRH:6
end_of_record
TN:
SF:src\commands\slash\music\skip.js
FN:20,(anonymous_0)
FN:54,(anonymous_1)
FN:73,(anonymous_2)
FN:96,(anonymous_3)
FNF:4
FNH:1
FNDA:2,(anonymous_0)
FNDA:0,(anonymous_1)
FNDA:0,(anonymous_2)
FNDA:0,(anonymous_3)
DA:1,3
DA:2,3
DA:4,3
DA:6,3
DA:21,2
DA:22,2
DA:23,0
DA:27,0
DA:30,2
DA:31,2
DA:36,0
DA:40,0
DA:43,1
DA:45,1
DA:46,1
DA:48,1
DA:52,1
DA:54,1
DA:55,0
DA:56,0
DA:61,1
DA:64,0
DA:68,0
DA:73,0
DA:74,0
DA:75,0
DA:80,0
DA:83,0
DA:84,0
DA:86,0
DA:87,0
DA:90,0
DA:94,0
DA:96,0
DA:97,0
DA:98,0
LF:36
LH:15
BRDA:22,0,0,0
BRDA:22,0,1,2
BRDA:31,1,0,0
BRDA:31,1,1,1
BRDA:32,2,0,2
BRDA:32,2,1,2
BRDA:45,3,0,1
BRDA:45,3,1,0
BRDA:64,4,0,0
BRDA:64,4,1,0
BRDA:65,5,0,0
BRDA:65,5,1,0
BRDA:65,5,2,0
BRDA:83,6,0,0
BRDA:83,6,1,0
BRF:15
BRH:5
end_of_record
TN:
SF:src\commands\slash\music\twentyfourseven.js
FN:7,(anonymous_0)
FNF:1
FNH:1
FNDA:3,(anonymous_0)
DA:1,3
DA:3,3
DA:8,3
DA:9,3
DA:10,3
DA:11,3
DA:16,0
DA:18,2
DA:19,1
DA:21,1
DA:25,1
DA:27,1
DA:29,1
DA:33,1
LF:14
LH:13
BRDA:9,0,0,0
BRDA:9,0,1,3
BRDA:11,1,0,0
BRDA:11,1,1,2
BRDA:12,2,0,3
BRDA:12,2,1,3
BRDA:18,3,0,1
BRDA:18,3,1,1
BRF:8
BRH:6
end_of_record
TN:
SF:src\commands\slash\music\volume.js
FN:18,(anonymous_0)
FNF:1
FNH:1
FNDA:3,(anonymous_0)
DA:1,3
DA:2,3
DA:4,3
DA:19,3
DA:20,3
DA:21,3
DA:22,3
DA:27,0
DA:29,2
DA:30,2
DA:32,1
DA:34,1
DA:38,1
LF:13
LH:12
BRDA:20,0,0,0
BRDA:20,0,1,3
BRDA:22,1,0,0
BRDA:22,1,1,2
BRDA:23,2,0,3
BRDA:23,2,1,3
BRDA:30,3,0,1
BRDA:30,3,1,1
BRF:8
BRH:6
end_of_record
TN:
SF:src\commands\slash\owner\sendmsg.js
FN:34,(anonymous_0)
FN:50,(anonymous_1)
FN:58,(anonymous_2)
FNF:3
FNH:1
FNDA:6,(anonymous_0)
FNDA:0,(anonymous_1)
FNDA:0,(anonymous_2)
DA:1,2
DA:2,2
DA:3,2
DA:5,2
DA:7,2
DA:36,6
DA:37,2
DA:43,4
DA:45,4
DA:46,4
DA:47,4
DA:49,4
DA:50,4
DA:51,4
DA:52,1
DA:58,3
DA:59,3
DA:60,1
DA:66,2
DA:67,1
DA:73,1
DA:75,1
DA:79,1
DA:84,0
DA:85,0
LF:25
LH:23
BRDA:36,0,0,2
BRDA:36,0,1,4
BRDA:51,1,0,1
BRDA:51,1,1,3
BRDA:59,2,0,1
BRDA:59,2,1,2
BRDA:66,3,0,1
BRDA:66,3,1,1
BRF:8
BRH:8
end_of_record
TN:
SF:src\commands\slash\settings\fixembed.js
FN:10,(anonymous_0)
FNF:1
FNH:1
FNDA:1,(anonymous_0)
DA:1,2
DA:2,2
DA:3,2
DA:5,2
DA:11,1
DA:12,0
DA:18,1
LF:7
LH:6
BRDA:11,0,0,0
BRDA:11,0,1,1
BRF:2
BRH:1
end_of_record
TN:
SF:src\commands\slash\settings\setlog.js
FN:31,(anonymous_0)
FNF:1
FNH:1
FNDA:1,(anonymous_0)
DA:5,2
DA:6,2
DA:8,2
DA:32,1
DA:35,1
DA:39,1
DA:40,0
DA:46,1
DA:48,1
DA:49,1
DA:55,0
DA:56,0
DA:57,0
DA:58,0
DA:64,0
DA:66,0
LF:16
LH:9
BRDA:39,0,0,0
BRDA:39,0,1,1
BRDA:39,1,0,1
BRDA:39,1,1,0
BRDA:48,2,0,1
BRDA:48,2,1,0
BRDA:57,3,0,0
BRDA:57,3,1,0
BRF:8
BRH:3
end_of_record
TN:
SF:src\commands\slash\tempvoice\vcControl.js
FN:85,(anonymous_0)
FNF:1
FNH:1
FNDA:1,(anonymous_0)
DA:1,2
DA:2,2
DA:3,2
DA:4,2
DA:5,2
DA:7,2
DA:12,2
DA:28,2
DA:29,2
DA:30,2
DA:32,2
DA:86,1
DA:88,1
DA:89,0
DA:91,0
DA:92,0
DA:102,0
DA:103,0
DA:104,0
DA:105,0
DA:115,0
DA:116,0
DA:119,0
DA:121,0
DA:122,0
LF:25
LH:13
BRDA:89,0,0,0
BRDA:89,0,1,0
BRDA:91,1,0,0
BRDA:91,1,1,0
BRDA:104,2,0,0
BRDA:104,2,1,0
BRF:6
BRH:0
end_of_record
TN:
SF:src\commands\slash\tempvoice\vcRole.js
FN:11,handleAdd
FN:65,(anonymous_1)
FN:107,handleRemove
FN:113,(anonymous_3)
FN:139,handleList
FN:153,(anonymous_5)
FN:231,(anonymous_6)
FNF:7
FNH:2
FNDA:1,handleAdd
FNDA:0,(anonymous_1)
FNDA:0,handleRemove
FNDA:0,(anonymous_3)
FNDA:0,handleList
FNDA:0,(anonymous_5)
FNDA:1,(anonymous_6)
DA:5,2
DA:6,2
DA:7,2
DA:8,2
DA:9,2
DA:12,1
DA:13,1
DA:14,1
DA:16,1
DA:17,1
DA:28,0
DA:29,0
DA:30,0
DA:40,0
DA:41,0
DA:51,0
DA:52,0
DA:53,0
DA:54,0
DA:64,0
DA:65,0
DA:67,0
DA:68,0
DA:78,0
DA:84,0
DA:88,0
DA:108,0
DA:109,0
DA:111,0
DA:112,0
DA:113,0
DA:115,0
DA:116,0
DA:126,0
DA:127,0
DA:129,0
DA:140,0
DA:141,0
DA:142,0
DA:152,0
DA:153,0
DA:162,0
DA:173,2
DA:232,1
DA:237,0
DA:244,1
DA:246,1
DA:247,1
DA:248,1
DA:249,0
DA:250,0
DA:251,0
DA:253,0
DA:254,0
LF:54
LH:16
BRDA:14,0,0,1
BRDA:14,0,1,0
BRDA:16,1,0,1
BRDA:16,1,1,0
BRDA:29,2,0,0
BRDA:29,2,1,0
BRDA:29,3,0,0
BRDA:29,3,1,0
BRDA:40,4,0,0
BRDA:40,4,1,0
BRDA:53,5,0,0
BRDA:53,5,1,0
BRDA:53,6,0,0
BRDA:53,6,1,0
BRDA:65,7,0,0
BRDA:65,7,1,0
BRDA:67,8,0,0
BRDA:67,8,1,0
BRDA:97,9,0,0
BRDA:97,9,1,0
BRDA:113,10,0,0
BRDA:113,10,1,0
BRDA:115,11,0,0
BRDA:115,11,1,0
BRDA:141,12,0,0
BRDA:141,12,1,0
BRDA:157,13,0,0
BRDA:157,13,1,0
BRDA:167,14,0,0
BRDA:167,14,1,0
BRDA:232,15,0,0
BRDA:232,15,1,1
BRDA:248,16,0,1
BRDA:248,16,1,0
BRDA:249,17,0,0
BRDA:249,17,1,0
BRDA:250,18,0,0
BRDA:250,18,1,0
BRF:38
BRH:4
end_of_record
TN:
SF:src\commands\slash\tempvoice\vcSetup.js
FN:11,handleAdd
FN:132,handleRemove
FN:164,handleList
FN:178,(anonymous_3)
FN:300,(anonymous_4)
FNF:5
FNH:5
FNDA:2,handleAdd
FNDA:2,handleRemove
FNDA:1,handleList
FNDA:1,(anonymous_3)
FNDA:7,(anonymous_4)
DA:5,3
DA:6,3
DA:7,3
DA:8,3
DA:9,3
DA:12,2
DA:13,2
DA:14,2
DA:15,2
DA:16,2
DA:17,2
DA:18,2
DA:20,2
DA:21,1
DA:31,1
DA:32,0
DA:43,1
DA:44,0
DA:54,1
DA:55,0
DA:66,1
DA:67,1
DA:68,1
DA:69,0
DA:79,1
DA:93,1
DA:97,1
DA:133,2
DA:134,2
DA:138,2
DA:139,1
DA:149,1
DA:150,1
DA:154,1
DA:165,1
DA:166,1
DA:167,0
DA:177,1
DA:178,1
DA:188,1
DA:199,3
DA:301,7
DA:306,1
DA:313,6
DA:315,6
DA:316,6
DA:317,6
DA:318,6
DA:319,5
DA:320,3
DA:321,1
DA:323,1
DA:325,0
DA:326,0
LF:54
LH:47
BRDA:18,0,0,0
BRDA:18,0,1,2
BRDA:20,1,0,1
BRDA:20,1,1,1
BRDA:31,2,0,0
BRDA:31,2,1,1
BRDA:43,3,0,0
BRDA:43,3,1,1
BRDA:54,4,0,0
BRDA:54,4,1,1
BRDA:54,5,0,1
BRDA:54,5,1,0
BRDA:68,6,0,0
BRDA:68,6,1,1
BRDA:68,7,0,1
BRDA:68,7,1,1
BRDA:81,8,0,1
BRDA:81,8,1,1
BRDA:81,8,2,0
BRDA:82,9,0,1
BRDA:82,9,1,1
BRDA:83,10,0,0
BRDA:83,10,1,1
BRDA:84,11,0,1
BRDA:84,11,1,0
BRDA:86,12,0,1
BRDA:86,12,1,1
BRDA:87,13,0,1
BRDA:87,13,1,0
BRDA:105,14,0,1
BRDA:105,14,1,0
BRDA:111,15,0,0
BRDA:111,15,1,1
BRDA:123,16,0,1
BRDA:123,16,1,0
BRDA:138,17,0,1
BRDA:138,17,1,1
BRDA:166,18,0,0
BRDA:166,18,1,1
BRDA:181,19,0,1
BRDA:181,19,1,0
BRDA:183,20,0,1
BRDA:183,20,1,1
BRDA:183,21,0,1
BRDA:183,21,1,0
BRDA:184,22,0,0
BRDA:184,22,1,1
BRDA:193,23,0,1
BRDA:193,23,1,0
BRDA:301,24,0,1
BRDA:301,24,1,6
BRDA:318,25,0,5
BRDA:318,25,1,1
BRDA:319,26,0,2
BRDA:319,26,1,3
BRDA:320,27,0,2
BRDA:320,27,1,1
BRDA:321,28,0,1
BRDA:321,28,1,0
BRF:59
BRH:40
end_of_record
TN:
SF:src\commands\slash\tempvoice\vcTemplate.js
FN:21,parseFieldValue
FN:47,handleCreate
FN:118,handleEdit
FN:186,handleDelete
FN:238,handleList
FN:252,(anonymous_5)
FN:340,(anonymous_6)
FN:369,(anonymous_7)
FN:402,(anonymous_8)
FN:406,(anonymous_9)
FNF:10
FNH:3
FNDA:0,parseFieldValue
FNDA:1,handleCreate
FNDA:0,handleEdit
FNDA:0,handleDelete
FNDA:0,handleList
FNDA:0,(anonymous_5)
FNDA:14,(anonymous_6)
FNDA:1,(anonymous_7)
FNDA:0,(anonymous_8)
FNDA:0,(anonymous_9)
DA:4,2
DA:5,2
DA:6,2
DA:7,2
DA:8,2
DA:9,2
DA:11,2
DA:22,0
DA:23,0
DA:24,0
DA:25,0
DA:29,0
DA:31,0
DA:32,0
DA:33,0
DA:34,0
DA:36,0
DA:38,0
DA:39,0
DA:40,0
DA:41,0
DA:42,0
DA:44,0
DA:48,1
DA:49,1
DA:50,0
DA:51,0
DA:61,0
DA:63,0
DA:64,0
DA:65,0
DA:66,0
DA:67,0
DA:69,0
DA:80,0
DA:84,0
DA:119,0
DA:120,0
DA:121,0
DA:123,0
DA:124,0
DA:134,0
DA:138,0
DA:139,0
DA:149,0
DA:150,0
DA:151,0
DA:162,0
DA:163,0
DA:164,0
DA:165,0
DA:167,0
DA:172,0
DA:176,0
DA:187,0
DA:188,0
DA:192,0
DA:193,0
DA:203,0
DA:210,0
DA:211,0
DA:222,0
DA:223,0
DA:227,0
DA:239,0
DA:240,0
DA:241,0
DA:251,0
DA:252,0
DA:262,0
DA:273,2
DA:340,14
DA:370,1
DA:375,0
DA:382,1
DA:385,1
DA:386,1
DA:389,1
DA:390,1
DA:391,0
DA:392,0
DA:393,0
DA:394,0
DA:396,0
DA:397,0
DA:401,0
DA:402,0
DA:404,0
LF:88
LH:17
BRDA:22,0,0,0
BRDA:22,0,1,0
BRDA:24,1,0,0
BRDA:24,1,1,0
BRDA:24,2,0,0
BRDA:24,2,1,0
BRDA:24,2,2,0
BRDA:31,3,0,0
BRDA:31,3,1,0
BRDA:33,4,0,0
BRDA:33,4,1,0
BRDA:33,5,0,0
BRDA:33,5,1,0
BRDA:33,5,2,0
BRDA:38,6,0,0
BRDA:38,6,1,0
BRDA:38,7,0,0
BRDA:38,7,1,0
BRDA:40,8,0,0
BRDA:40,8,1,0
BRDA:41,9,0,0
BRDA:41,9,1,0
BRDA:50,10,0,0
BRDA:50,10,1,0
BRDA:50,11,0,0
BRDA:50,11,1,0
BRDA:63,12,0,0
BRDA:63,12,1,0
BRDA:64,13,0,0
BRDA:64,13,1,0
BRDA:65,14,0,0
BRDA:65,14,1,0
BRDA:66,15,0,0
BRDA:66,15,1,0
BRDA:67,16,0,0
BRDA:67,16,1,0
BRDA:94,17,0,0
BRDA:94,17,1,0
BRDA:99,18,0,0
BRDA:99,18,1,0
BRDA:104,19,0,0
BRDA:104,19,1,0
BRDA:109,20,0,0
BRDA:109,20,1,0
BRDA:123,21,0,0
BRDA:123,21,1,0
BRDA:138,22,0,0
BRDA:138,22,1,0
BRDA:150,23,0,0
BRDA:150,23,1,0
BRDA:163,24,0,0
BRDA:163,24,1,0
BRDA:164,25,0,0
BRDA:164,25,1,0
BRDA:192,26,0,0
BRDA:192,26,1,0
BRDA:210,27,0,0
BRDA:210,27,1,0
BRDA:214,28,0,0
BRDA:214,28,1,0
BRDA:240,29,0,0
BRDA:240,29,1,0
BRDA:257,30,0,0
BRDA:257,30,1,0
BRDA:257,31,0,0
BRDA:257,31,1,0
BRDA:258,32,0,0
BRDA:258,32,1,0
BRDA:258,33,0,0
BRDA:258,33,1,0
BRDA:267,34,0,0
BRDA:267,34,1,0
BRDA:370,35,0,0
BRDA:370,35,1,1
BRDA:385,36,0,1
BRDA:385,36,1,0
BRDA:390,37,0,1
BRDA:390,37,1,0
BRDA:391,38,0,0
BRDA:391,38,1,0
BRDA:392,39,0,0
BRDA:392,39,1,0
BRDA:393,40,0,0
BRDA:393,40,1,0
BRDA:401,41,0,0
BRDA:401,41,1,0
BRDA:401,42,0,0
BRDA:401,42,1,0
BRF:88
BRH:3
end_of_record
TN:
SF:src\commands\slash\tiktok\tiktok.js
FN:22,(anonymous_0)
FN:38,(anonymous_1)
FNF:2
FNH:1
FNDA:1,(anonymous_0)
FNDA:0,(anonymous_1)
DA:1,2
DA:2,2
DA:3,2
DA:4,2
DA:6,2
DA:8,2
DA:23,1
DA:24,0
DA:30,1
DA:31,1
DA:35,1
DA:36,1
DA:37,1
DA:38,0
DA:40,1
DA:44,0
DA:45,0
DA:46,0
DA:47,0
DA:57,0
DA:58,0
DA:59,0
DA:60,0
DA:64,1
DA:68,1
DA:70,1
DA:71,1
DA:73,1
DA:75,0
DA:78,0
LF:30
LH:18
BRDA:23,0,0,0
BRDA:23,0,1,1
BRDA:36,1,0,1
BRDA:36,1,1,0
BRDA:38,2,0,0
BRDA:38,2,1,0
BRDA:40,3,0,0
BRDA:40,3,1,1
BRDA:50,4,0,0
BRDA:50,4,1,0
BRDA:51,5,0,0
BRDA:51,5,1,0
BRDA:52,6,0,0
BRDA:52,6,1,0
BRDA:53,7,0,0
BRDA:53,7,1,0
BRF:16
BRH:3
end_of_record
TN:
SF:src\commands\slash\youtube\youtube.js
FN:22,(anonymous_0)
FN:38,(anonymous_1)
FNF:2
FNH:1
FNDA:1,(anonymous_0)
FNDA:0,(anonymous_1)
DA:1,2
DA:2,2
DA:3,2
DA:4,2
DA:6,2
DA:8,2
DA:23,1
DA:24,0
DA:30,1
DA:31,1
DA:35,1
DA:36,1
DA:37,1
DA:38,0
DA:40,1
DA:44,0
DA:45,0
DA:46,0
DA:47,0
DA:62,0
DA:63,0
DA:64,0
DA:65,0
DA:69,1
DA:73,1
DA:75,1
DA:76,1
DA:78,1
DA:80,0
DA:83,0
LF:30
LH:18
BRDA:23,0,0,0
BRDA:23,0,1,1
BRDA:36,1,0,1
BRDA:36,1,1,0
BRDA:38,2,0,0
BRDA:38,2,1,0
BRDA:40,3,0,0
BRDA:40,3,1,1
BRDA:48,4,0,0
BRDA:48,4,1,0
BRDA:50,5,0,0
BRDA:50,5,1,0
BRDA:50,5,2,0
BRDA:53,6,0,0
BRDA:53,6,1,0
BRDA:54,7,0,0
BRDA:54,7,1,0
BRDA:55,8,0,0
BRDA:55,8,1,0
BRDA:56,9,0,0
BRDA:56,9,1,0
BRDA:57,10,0,0
BRDA:57,10,1,0
BRDA:58,11,0,0
BRDA:58,11,1,0
BRF:25
BRH:3
end_of_record
TN:
SF:src\config\config.js
FNF:0
FNH:0
DA:1,19
DA:3,19
DA:33,19
DA:34,19
DA:35,19
DA:36,19
DA:37,4
DA:38,4
DA:39,4
DA:40,4
DA:41,4
DA:47,19
LF:12
LH:12
BRDA:4,0,0,19
BRDA:4,0,1,0
BRDA:5,1,0,19
BRDA:5,1,1,0
BRDA:6,2,0,19
BRDA:6,2,1,0
BRDA:7,3,0,19
BRDA:7,3,1,19
BRDA:9,4,0,19
BRDA:9,4,1,0
BRDA:10,5,0,19
BRDA:10,5,1,0
BRDA:19,6,0,19
BRDA:19,6,1,0
BRDA:20,7,0,19
BRDA:20,7,1,0
BRDA:21,8,0,19
BRDA:21,8,1,0
BRDA:25,9,0,19
BRDA:25,9,1,0
BRDA:28,10,0,19
BRDA:28,10,1,0
BRDA:29,11,0,19
BRDA:29,11,1,0
BRDA:30,12,0,19
BRDA:30,12,1,19
BRDA:36,13,0,4
BRDA:36,13,1,15
BRDA:39,14,0,2
BRDA:39,14,1,2
BRDA:40,15,0,4
BRDA:40,15,1,0
BRDA:41,16,0,2
BRDA:41,16,1,2
BRF:34
BRH:22
end_of_record
TN:
SF:src\config\constants.js
FNF:0
FNH:0
DA:4,26
LF:1
LH:1
BRF:0
BRH:0
end_of_record
TN:
SF:src\dashboard\server.js
FN:7,createDashboard
FN:17,(anonymous_1)
FN:37,(anonymous_2)
FN:42,(anonymous_3)
FNF:4
FNH:1
FNDA:92,createDashboard
FNDA:0,(anonymous_1)
FNDA:0,(anonymous_2)
FNDA:0,(anonymous_3)
DA:1,16
DA:2,16
DA:3,16
DA:5,16
DA:8,92
DA:9,92
DA:10,92
DA:13,92
DA:18,0
DA:22,92
DA:23,92
DA:24,92
DA:25,92
DA:26,92
DA:27,92
DA:28,92
DA:29,92
DA:30,92
DA:31,92
DA:32,92
DA:33,92
DA:37,92
DA:38,0
DA:42,92
DA:43,0
DA:44,0
DA:47,92
DA:50,16
LF:28
LH:24
BRF:0
BRH:0
end_of_record
TN:
SF:src\dashboard\helpers\guildData.js
FN:9,getVersion
FN:27,lavalinkStatus
FN:41,nextLevelXp
FN:45,getBotMeta
FN:91,getGuildList
FN:94,(anonymous_5)
FN:99,(anonymous_6)
FN:120,(anonymous_7)
FN:121,(anonymous_8)
FN:122,(anonymous_9)
FN:125,getGuildDetail
FN:136,(anonymous_11)
FN:149,(anonymous_12)
FN:163,(anonymous_13)
FN:175,(anonymous_14)
FN:180,(anonymous_15)
FN:181,(anonymous_16)
FN:186,(anonymous_17)
FN:191,(anonymous_18)
FN:196,(anonymous_19)
FN:241,(anonymous_20)
FNF:21
FNH:11
FNDA:2,getVersion
FNDA:2,lavalinkStatus
FNDA:1,nextLevelXp
FNDA:2,getBotMeta
FNDA:2,getGuildList
FNDA:2,(anonymous_5)
FNDA:0,(anonymous_6)
FNDA:2,(anonymous_7)
FNDA:2,(anonymous_8)
FNDA:0,(anonymous_9)
FNDA:4,getGuildDetail
FNDA:0,(anonymous_11)
FNDA:2,(anonymous_12)
FNDA:2,(anonymous_13)
FNDA:0,(anonymous_14)
FNDA:0,(anonymous_15)
FNDA:0,(anonymous_16)
FNDA:0,(anonymous_17)
FNDA:0,(anonymous_18)
FNDA:0,(anonymous_19)
FNDA:0,(anonymous_20)
DA:1,16
DA:2,16
DA:3,16
DA:4,16
DA:5,16
DA:6,16
DA:8,16
DA:10,2
DA:11,2
DA:12,2
DA:14,0
DA:17,2
DA:20,16
DA:28,2
DA:29,2
DA:30,2
DA:31,2
DA:32,0
DA:33,0
DA:34,0
DA:35,0
DA:37,0
DA:42,1
DA:46,2
DA:47,2
DA:48,2
DA:50,2
DA:51,2
DA:53,2
DA:54,2
DA:55,2
DA:59,2
DA:60,2
DA:61,1
DA:62,1
DA:63,1
DA:64,0
DA:69,2
DA:92,2
DA:93,2
DA:95,2
DA:99,2
DA:101,2
DA:119,2
DA:120,2
DA:121,2
DA:122,0
DA:126,4
DA:127,4
DA:130,2
DA:135,2
DA:136,2
DA:140,2
DA:147,2
DA:150,2
DA:151,2
DA:152,2
DA:153,2
DA:154,2
DA:160,0
DA:164,2
DA:165,2
DA:175,0
DA:178,2
DA:180,0
DA:181,0
DA:186,0
DA:189,2
DA:191,0
DA:196,0
DA:199,2
DA:200,0
DA:201,0
DA:204,2
DA:210,2
DA:213,2
DA:214,2
DA:215,2
DA:216,0
DA:221,2
DA:223,2
DA:242,0
DA:243,0
DA:260,16
LF:84
LH:64
BRDA:10,0,0,2
BRDA:10,0,1,0
BRDA:29,1,0,2
BRDA:29,1,1,1
BRDA:31,2,0,2
BRDA:31,2,1,0
BRDA:32,3,0,0
BRDA:32,3,1,0
BRDA:33,4,0,0
BRDA:33,4,1,0
BRDA:34,5,0,0
BRDA:34,5,1,0
BRDA:60,6,0,1
BRDA:60,6,1,1
BRDA:63,7,0,0
BRDA:63,7,1,1
BRDA:70,8,0,2
BRDA:70,8,1,0
BRDA:71,9,0,2
BRDA:71,9,1,0
BRDA:72,10,0,2
BRDA:72,10,1,0
BRDA:73,11,0,2
BRDA:73,11,1,0
BRDA:75,12,0,2
BRDA:75,12,1,0
BRDA:84,13,0,2
BRDA:84,13,1,2
BRDA:85,14,0,2
BRDA:85,14,1,2
BRDA:86,15,0,2
BRDA:86,15,1,2
BRDA:104,16,0,2
BRDA:104,16,1,2
BRDA:108,17,0,2
BRDA:108,17,1,0
BRDA:109,18,0,2
BRDA:109,18,1,0
BRDA:111,19,0,2
BRDA:111,19,1,0
BRDA:127,20,0,2
BRDA:127,20,1,2
BRDA:130,21,0,2
BRDA:130,21,1,0
BRDA:131,22,0,2
BRDA:131,22,1,2
BRDA:131,22,2,2
BRDA:135,23,0,2
BRDA:135,23,1,0
BRDA:135,24,0,2
BRDA:135,24,1,0
BRDA:147,25,0,2
BRDA:147,25,1,0
BRDA:151,26,0,0
BRDA:151,26,1,2
BRDA:152,27,0,0
BRDA:152,27,1,2
BRDA:155,28,0,2
BRDA:155,28,1,2
BRDA:155,28,2,2
BRDA:169,29,0,0
BRDA:169,29,1,2
BRDA:171,30,0,2
BRDA:171,30,1,2
BRDA:178,31,0,2
BRDA:178,31,1,0
BRDA:189,32,0,2
BRDA:189,32,1,0
BRDA:194,33,0,0
BRDA:194,33,1,0
BRDA:199,34,0,0
BRDA:199,34,1,2
BRDA:210,35,0,2
BRDA:210,35,1,0
BRDA:214,36,0,2
BRDA:214,36,1,0
BRDA:216,37,0,0
BRDA:216,37,1,0
BRDA:221,38,0,2
BRDA:221,38,1,0
BRDA:221,39,0,2
BRDA:221,39,1,0
BRDA:226,40,0,2
BRDA:226,40,1,2
BRDA:228,41,0,2
BRDA:228,41,1,0
BRDA:229,42,0,2
BRDA:229,42,1,0
BRDA:231,43,0,2
BRDA:231,43,1,0
BRDA:232,44,0,2
BRDA:232,44,1,0
BRDA:234,45,0,2
BRDA:234,45,1,0
BRDA:237,46,0,2
BRDA:237,46,1,0
BRDA:240,47,0,2
BRDA:240,47,1,0
BRDA:247,48,0,0
BRDA:247,48,1,0
BRDA:247,49,0,0
BRDA:247,49,1,0
BRF:102
BRH:56
end_of_record
TN:
SF:src\dashboard\helpers\logParser.js
FN:38,stripAnsi
FN:42,getLevelFromLine
FNF:2
FNH:2
FNDA:24,stripAnsi
FNDA:25,getLevelFromLine
DA:10,18
DA:19,18
DA:29,18
DA:37,18
DA:39,24
DA:43,25
DA:45,23
DA:49,23
DA:50,23
DA:51,7
DA:52,7
DA:56,16
DA:57,71
DA:60,11
DA:63,18
LF:15
LH:15
BRDA:43,0,0,2
BRDA:43,0,1,23
BRDA:50,1,0,7
BRDA:50,1,1,16
BRDA:52,2,0,7
BRDA:52,2,1,0
BRDA:57,3,0,5
BRDA:57,3,1,66
BRF:8
BRH:7
end_of_record
TN:
SF:src\dashboard\helpers\logReader.js
FN:8,validateName
FN:14,formatSize
FN:24,listLogFiles
FN:28,(anonymous_3)
FN:44,(anonymous_4)
FN:50,readLogFile
FN:63,searchLogFile
FN:83,getLogLevelCounts
FNF:8
FNH:8
FNDA:16,validateName
FNDA:11,formatSize
FNDA:3,listLogFiles
FNDA:11,(anonymous_3)
FNDA:11,(anonymous_4)
FNDA:10,readLogFile
FNDA:1,searchLogFile
FNDA:5,getLogLevelCounts
DA:1,17
DA:2,17
DA:3,17
DA:5,17
DA:6,17
DA:9,16
DA:10,3
DA:15,11
DA:16,7
DA:17,7
DA:18,0
DA:19,0
DA:20,0
DA:21,0
DA:25,3
DA:26,3
DA:27,3
DA:29,11
DA:30,11
DA:31,11
DA:32,11
DA:33,11
DA:40,0
DA:44,11
DA:46,0
DA:51,10
DA:52,7
DA:53,7
DA:54,1
DA:56,6
DA:57,6
DA:58,6
DA:59,6
DA:60,6
DA:64,1
DA:65,1
DA:66,1
DA:67,0
DA:69,1
DA:70,1
DA:71,1
DA:72,1
DA:73,3
DA:74,1
DA:75,1
DA:78,1
DA:81,17
DA:84,5
DA:85,5
DA:86,5
DA:87,0
DA:89,5
DA:90,5
DA:91,5
DA:100,5
DA:101,5
DA:102,0
DA:105,5
DA:106,23
DA:107,23
DA:108,19
DA:109,19
DA:110,19
DA:112,19
DA:115,5
DA:118,17
LF:66
LH:57
BRDA:9,0,0,3
BRDA:9,0,1,13
BRDA:9,1,0,16
BRDA:9,1,1,16
BRDA:9,1,2,13
BRDA:15,2,0,4
BRDA:15,2,1,7
BRDA:17,3,0,7
BRDA:17,3,1,0
BRDA:19,4,0,0
BRDA:19,4,1,0
BRDA:32,5,0,0
BRDA:32,5,1,11
BRDA:53,6,0,1
BRDA:53,6,1,6
BRDA:58,7,0,0
BRDA:58,7,1,6
BRDA:59,8,0,3
BRDA:59,8,1,3
BRDA:59,9,0,6
BRDA:59,9,1,3
BRDA:66,10,0,0
BRDA:66,10,1,1
BRDA:73,11,0,1
BRDA:73,11,1,2
BRDA:75,12,0,0
BRDA:75,12,1,1
BRDA:86,13,0,0
BRDA:86,13,1,5
BRDA:101,14,0,0
BRDA:101,14,1,5
BRDA:107,15,0,4
BRDA:107,15,1,19
BRDA:109,16,0,19
BRDA:109,16,1,0
BRF:35
BRH:25
end_of_record
TN:
SF:src\dashboard\helpers\templateRenderer.js
FNF:0
FNH:0
DA:1,1
DA:3,1
LF:2
LH:2
BRF:0
BRH:0
end_of_record
TN:
SF:src\dashboard\routes\commands.js
FN:9,(anonymous_0)
FN:38,(anonymous_1)
FN:46,(anonymous_2)
FN:94,(anonymous_3)
FNF:4
FNH:4
FNDA:2,(anonymous_0)
FNDA:3,(anonymous_1)
FNDA:3,(anonymous_2)
FNDA:1,(anonymous_3)
DA:1,16
DA:2,16
DA:3,16
DA:4,16
DA:6,16
DA:9,16
DA:10,2
DA:11,2
DA:12,2
DA:14,2
DA:15,2
DA:16,16
DA:17,96
DA:18,96
DA:30,2
DA:32,0
DA:33,0
DA:38,16
DA:39,3
DA:40,3
DA:41,3
DA:43,3
DA:44,3
DA:45,3
DA:46,3
DA:47,3
DA:48,3
DA:51,3
DA:52,0
DA:55,3
DA:56,2
DA:57,0
DA:61,2
DA:62,1
DA:68,2
DA:69,2
DA:70,0
DA:74,2
DA:75,1
DA:81,1
DA:86,1
DA:88,0
DA:89,0
DA:94,16
DA:95,1
DA:96,1
DA:97,1
DA:98,1
DA:100,0
DA:101,0
DA:105,16
LF:51
LH:42
BRDA:17,0,0,96
BRDA:17,0,1,96
BRDA:23,1,0,96
BRDA:23,1,1,96
BRDA:24,2,0,96
BRDA:24,2,1,96
BRDA:25,3,0,96
BRDA:25,3,1,96
BRDA:46,4,0,3
BRDA:46,4,1,0
BRDA:51,5,0,0
BRDA:51,5,1,3
BRDA:55,6,0,2
BRDA:55,6,1,1
BRDA:55,7,0,3
BRDA:55,7,1,2
BRDA:56,8,0,0
BRDA:56,8,1,2
BRDA:56,9,0,2
BRDA:56,9,1,2
BRDA:61,10,0,1
BRDA:61,10,1,1
BRDA:68,11,0,2
BRDA:68,11,1,0
BRDA:68,12,0,2
BRDA:68,12,1,2
BRDA:69,13,0,0
BRDA:69,13,1,2
BRDA:69,14,0,2
BRDA:69,14,1,2
BRDA:74,15,0,1
BRDA:74,15,1,1
BRDA:82,16,0,1
BRDA:82,16,1,0
BRDA:83,17,0,1
BRDA:83,17,1,0
BRF:36
BRH:29
end_of_record
TN:
SF:src\dashboard\routes\config.js
FN:19,readOverrides
FN:30,writeOverrides
FN:41,(anonymous_2)
FN:104,(anonymous_3)
FN:109,(anonymous_4)
FNF:5
FNH:5
FNDA:2,readOverrides
FNDA:2,writeOverrides
FNDA:2,(anonymous_2)
FNDA:5,(anonymous_3)
FNDA:9,(anonymous_4)
DA:1,16
DA:2,16
DA:3,16
DA:4,16
DA:5,16
DA:6,16
DA:8,16
DA:10,16
DA:20,2
DA:21,2
DA:22,1
DA:23,1
DA:24,1
DA:26,0
DA:31,2
DA:32,2
DA:33,0
DA:35,2
DA:36,2
DA:37,2
DA:41,16
DA:42,2
DA:43,2
DA:45,2
DA:46,2
DA:47,2
DA:48,2
DA:50,2
DA:79,2
DA:81,0
DA:82,0
DA:86,16
DA:104,16
DA:105,5
DA:106,5
DA:108,5
DA:110,9
DA:113,5
DA:114,2
DA:119,3
DA:120,3
DA:121,3
DA:123,3
DA:124,3
DA:128,1
DA:132,2
DA:133,2
DA:136,2
DA:137,2
DA:142,0
DA:146,2
DA:147,2
DA:150,2
DA:151,2
DA:152,0
DA:156,2
DA:157,2
DA:160,2
DA:161,2
DA:162,2
DA:163,2
DA:165,2
DA:166,2
DA:167,2
DA:169,2
DA:170,2
DA:171,2
DA:173,2
DA:174,2
DA:178,2
DA:179,2
DA:180,2
DA:181,2
DA:183,2
DA:212,2
DA:214,0
DA:215,0
DA:219,16
LF:78
LH:70
BRDA:21,0,0,1
BRDA:21,0,1,1
BRDA:23,1,0,0
BRDA:23,1,1,1
BRDA:32,2,0,0
BRDA:32,2,1,2
BRDA:45,3,0,2
BRDA:45,3,1,0
BRDA:46,4,0,2
BRDA:46,4,1,0
BRDA:47,5,0,2
BRDA:47,5,1,0
BRDA:48,6,0,2
BRDA:48,6,1,2
BRDA:52,7,0,2
BRDA:52,7,1,0
BRDA:53,8,0,2
BRDA:53,8,1,2
BRDA:54,9,0,2
BRDA:54,9,1,0
BRDA:55,10,0,2
BRDA:55,10,1,0
BRDA:56,11,0,2
BRDA:56,11,1,0
BRDA:57,12,0,2
BRDA:57,12,1,0
BRDA:66,13,0,2
BRDA:66,13,1,0
BRDA:67,14,0,2
BRDA:67,14,1,0
BRDA:70,15,0,2
BRDA:70,15,1,0
BRDA:71,16,0,2
BRDA:71,16,1,0
BRDA:74,17,0,2
BRDA:74,17,1,0
BRDA:75,18,0,2
BRDA:75,18,1,0
BRDA:110,19,0,9
BRDA:110,19,1,7
BRDA:113,20,0,2
BRDA:113,20,1,3
BRDA:123,21,0,3
BRDA:123,21,1,0
BRDA:124,22,0,1
BRDA:124,22,1,2
BRDA:125,23,0,3
BRDA:125,23,1,3
BRDA:136,24,0,2
BRDA:136,24,1,0
BRDA:137,25,0,0
BRDA:137,25,1,2
BRDA:138,26,0,2
BRDA:138,26,1,2
BRDA:138,26,2,2
BRDA:150,27,0,2
BRDA:150,27,1,0
BRDA:151,28,0,0
BRDA:151,28,1,2
BRDA:151,29,0,2
BRDA:151,29,1,2
BRDA:160,30,0,2
BRDA:160,30,1,0
BRDA:165,31,0,2
BRDA:165,31,1,0
BRDA:166,32,0,2
BRDA:166,32,1,0
BRDA:167,33,0,2
BRDA:167,33,1,0
BRDA:169,34,0,2
BRDA:169,34,1,0
BRDA:170,35,0,2
BRDA:170,35,1,0
BRDA:171,36,0,2
BRDA:171,36,1,0
BRDA:173,37,0,2
BRDA:173,37,1,0
BRDA:174,38,0,2
BRDA:174,38,1,0
BRDA:178,39,0,2
BRDA:178,39,1,0
BRDA:179,40,0,2
BRDA:179,40,1,0
BRDA:180,41,0,2
BRDA:180,41,1,0
BRDA:181,42,0,2
BRDA:181,42,1,2
BRDA:185,43,0,2
BRDA:185,43,1,0
BRDA:186,44,0,2
BRDA:186,44,1,2
BRDA:187,45,0,2
BRDA:187,45,1,0
BRDA:188,46,0,2
BRDA:188,46,1,0
BRDA:189,47,0,2
BRDA:189,47,1,0
BRDA:190,48,0,2
BRDA:190,48,1,0
BRDA:199,49,0,2
BRDA:199,49,1,0
BRDA:200,50,0,2
BRDA:200,50,1,0
BRDA:203,51,0,2
BRDA:203,51,1,0
BRDA:204,52,0,2
BRDA:204,52,1,0
BRDA:207,53,0,2
BRDA:207,53,1,0
BRDA:208,54,0,2
BRDA:208,54,1,0
BRF:111
BRH:67
end_of_record
TN:
SF:src\dashboard\routes\guildAlarms.js
FN:7,(anonymous_0)
FN:52,(anonymous_1)
FNF:2
FNH:2
FNDA:3,(anonymous_0)
FNDA:2,(anonymous_1)
DA:1,16
DA:2,16
DA:4,16
DA:7,16
DA:8,3
DA:9,3
DA:10,3
DA:11,3
DA:12,3
DA:14,3
DA:15,3
DA:16,1
DA:19,2
DA:20,2
DA:21,2
DA:22,2
DA:23,2
DA:24,2
DA:25,2
DA:26,0
DA:27,0
DA:31,0
DA:33,2
DA:35,2
DA:36,2
DA:41,2
DA:42,1
DA:44,0
DA:47,0
DA:52,16
DA:53,2
DA:54,2
DA:55,2
DA:56,2
DA:57,2
DA:59,2
DA:60,2
DA:61,1
DA:64,1
DA:65,1
DA:66,1
DA:68,0
DA:71,0
DA:75,16
LF:44
LH:37
BRDA:12,0,0,0
BRDA:12,0,1,3
BRDA:15,1,0,1
BRDA:15,1,1,2
BRDA:15,2,0,3
BRDA:15,2,1,2
BRDA:21,3,0,1
BRDA:21,3,1,1
BRDA:22,4,0,1
BRDA:22,4,1,1
BRDA:23,5,0,0
BRDA:23,5,1,2
BRDA:24,6,0,0
BRDA:24,6,1,2
BRDA:25,7,0,0
BRDA:25,7,1,2
BRDA:26,8,0,0
BRDA:26,8,1,0
BRDA:26,9,0,0
BRDA:26,9,1,0
BRDA:33,10,0,0
BRDA:33,10,1,2
BRDA:41,11,0,1
BRDA:41,11,1,1
BRDA:57,12,0,0
BRDA:57,12,1,2
BRDA:60,13,0,1
BRDA:60,13,1,1
BRDA:60,14,0,2
BRDA:60,14,1,1
BRF:30
BRH:20
end_of_record
TN:
SF:src\dashboard\routes\guildFixembed.js
FN:44,(anonymous_0)
FN:56,(anonymous_1)
FNF:2
FNH:2
FNDA:2,(anonymous_0)
FNDA:25,(anonymous_1)
DA:1,16
DA:2,16
DA:3,16
DA:5,16
DA:7,16
DA:9,16
DA:36,16
DA:44,16
DA:45,2
DA:46,2
DA:47,2
DA:48,1
DA:50,1
DA:51,1
DA:56,16
DA:57,25
DA:58,25
DA:71,25
DA:73,25
DA:75,25
DA:76,5
DA:77,1
DA:79,4
DA:82,24
DA:83,2
DA:84,1
DA:88,1
DA:91,23
DA:92,2
DA:93,1
DA:97,1
DA:100,22
DA:101,3
DA:102,1
DA:106,2
DA:107,2
DA:108,1
DA:111,1
DA:114,20
DA:115,3
DA:116,1
DA:120,2
DA:121,2
DA:122,1
DA:127,1
DA:130,18
DA:131,3
DA:132,1
DA:134,2
DA:135,2
DA:136,1
DA:139,1
DA:142,16
DA:143,3
DA:144,1
DA:146,2
DA:147,2
DA:148,1
DA:151,1
DA:154,14
DA:155,3
DA:156,1
DA:160,2
DA:161,2
DA:162,1
DA:167,1
DA:171,12
DA:172,12
DA:173,6
DA:174,3
DA:178,3
DA:181,9
DA:182,6
DA:183,1
DA:185,5
DA:186,5
DA:188,5
DA:189,5
DA:190,1
DA:192,4
DA:193,1
DA:198,3
DA:199,3
DA:200,2
DA:201,1
DA:205,1
DA:208,2
DA:209,2
DA:210,2
DA:211,2
DA:212,1
DA:216,1
DA:219,1
DA:221,1
DA:227,4
DA:228,3
DA:230,1
DA:231,1
DA:235,16
LF:99
LH:99
BRDA:75,0,0,5
BRDA:75,0,1,20
BRDA:76,1,0,1
BRDA:76,1,1,4
BRDA:82,2,0,2
BRDA:82,2,1,22
BRDA:83,3,0,1
BRDA:83,3,1,1
BRDA:91,4,0,2
BRDA:91,4,1,21
BRDA:92,5,0,1
BRDA:92,5,1,1
BRDA:100,6,0,3
BRDA:100,6,1,19
BRDA:101,7,0,1
BRDA:101,7,1,2
BRDA:107,8,0,1
BRDA:107,8,1,1
BRDA:107,9,0,2
BRDA:107,9,1,2
BRDA:114,10,0,3
BRDA:114,10,1,17
BRDA:115,11,0,1
BRDA:115,11,1,2
BRDA:121,12,0,1
BRDA:121,12,1,1
BRDA:121,13,0,2
BRDA:121,13,1,2
BRDA:121,13,2,2
BRDA:130,14,0,3
BRDA:130,14,1,15
BRDA:131,15,0,1
BRDA:131,15,1,2
BRDA:135,16,0,1
BRDA:135,16,1,1
BRDA:135,17,0,2
BRDA:135,17,1,2
BRDA:142,18,0,3
BRDA:142,18,1,13
BRDA:143,19,0,1
BRDA:143,19,1,2
BRDA:147,20,0,1
BRDA:147,20,1,1
BRDA:147,21,0,2
BRDA:147,21,1,2
BRDA:154,22,0,3
BRDA:154,22,1,11
BRDA:155,23,0,1
BRDA:155,23,1,2
BRDA:161,24,0,1
BRDA:161,24,1,1
BRDA:161,25,0,2
BRDA:161,25,1,2
BRDA:161,25,2,2
BRDA:171,26,0,4
BRDA:171,26,1,8
BRDA:172,27,0,6
BRDA:172,27,1,6
BRDA:173,28,0,3
BRDA:173,28,1,3
BRDA:181,29,0,6
BRDA:181,29,1,3
BRDA:182,30,0,1
BRDA:182,30,1,5
BRDA:182,31,0,6
BRDA:182,31,1,5
BRDA:189,32,0,1
BRDA:189,32,1,4
BRDA:192,33,0,1
BRDA:192,33,1,3
BRDA:192,34,0,4
BRDA:192,34,1,4
BRDA:192,34,2,3
BRDA:198,35,0,3
BRDA:198,35,1,0
BRDA:199,36,0,2
BRDA:199,36,1,1
BRDA:200,37,0,1
BRDA:200,37,1,1
BRDA:208,38,0,2
BRDA:208,38,1,0
BRDA:210,39,0,2
BRDA:210,39,1,0
BRDA:211,40,0,1
BRDA:211,40,1,1
BRDA:222,41,0,1
BRDA:222,41,1,0
BRF:87
BRH:83
end_of_record
TN:
SF:src\dashboard\routes\guildLevel.js
FN:8,(anonymous_0)
FN:25,(anonymous_1)
FN:97,(anonymous_2)
FN:110,(anonymous_3)
FN:127,(anonymous_4)
FN:142,(anonymous_5)
FN:161,(anonymous_6)
FN:172,(anonymous_7)
FN:205,(anonymous_8)
FNF:9
FNH:8
FNDA:2,(anonymous_0)
FNDA:7,(anonymous_1)
FNDA:1,(anonymous_2)
FNDA:1,(anonymous_3)
FNDA:2,(anonymous_4)
FNDA:1,(anonymous_5)
FNDA:1,(anonymous_6)
FNDA:0,(anonymous_7)
FNDA:9,(anonymous_8)
DA:1,16
DA:2,16
DA:3,16
DA:5,16
DA:8,16
DA:9,2
DA:10,2
DA:11,2
DA:12,2
DA:13,2
DA:15,2
DA:17,1
DA:20,1
DA:25,16
DA:26,7
DA:27,7
DA:28,7
DA:29,7
DA:30,7
DA:38,7
DA:39,7
DA:41,7
DA:42,3
DA:43,1
DA:45,2
DA:47,6
DA:48,3
DA:49,3
DA:53,1
DA:57,2
DA:58,1
DA:63,1
DA:65,4
DA:70,12
DA:71,6
DA:72,1
DA:76,5
DA:79,3
DA:84,1
DA:87,2
DA:89,1
DA:92,1
DA:97,16
DA:98,1
DA:99,1
DA:100,1
DA:101,1
DA:102,1
DA:104,1
DA:105,0
DA:106,0
DA:109,1
DA:110,1
DA:117,1
DA:119,0
DA:122,0
DA:127,16
DA:128,2
DA:129,2
DA:130,2
DA:131,2
DA:132,2
DA:134,2
DA:135,0
DA:136,0
DA:139,2
DA:140,2
DA:141,2
DA:142,2
DA:144,2
DA:145,2
DA:146,1
DA:147,1
DA:152,1
DA:154,0
DA:160,2
DA:162,1
DA:163,1
DA:164,1
DA:165,1
DA:166,0
DA:167,0
DA:169,1
DA:171,1
DA:172,0
DA:173,0
DA:174,0
DA:175,0
DA:180,1
DA:181,1
DA:195,2
DA:199,0
DA:200,0
DA:205,16
DA:206,9
DA:207,9
DA:208,9
DA:209,9
DA:211,9
DA:212,9
DA:214,9
DA:215,2
DA:219,7
DA:226,2
DA:230,5
DA:231,5
DA:232,1
DA:237,4
DA:238,0
DA:239,0
DA:242,4
DA:243,4
DA:244,4
DA:246,4
DA:247,4
DA:248,2
DA:249,2
DA:250,1
DA:251,1
DA:252,1
DA:255,4
DA:261,4
DA:270,0
DA:271,0
DA:275,16
LF:125
LH:106
BRDA:13,0,0,0
BRDA:13,0,1,2
BRDA:30,1,0,0
BRDA:30,1,1,7
BRDA:41,2,0,3
BRDA:41,2,1,4
BRDA:42,3,0,1
BRDA:42,3,1,2
BRDA:47,4,0,3
BRDA:47,4,1,3
BRDA:48,5,0,3
BRDA:48,5,1,0
BRDA:49,6,0,1
BRDA:49,6,1,2
BRDA:50,7,0,3
BRDA:50,7,1,3
BRDA:57,8,0,1
BRDA:57,8,1,1
BRDA:70,9,0,6
BRDA:70,9,1,6
BRDA:71,10,0,1
BRDA:71,10,1,5
BRDA:71,11,0,6
BRDA:71,11,1,6
BRDA:71,11,2,6
BRDA:79,12,0,1
BRDA:79,12,1,2
BRDA:80,13,0,3
BRDA:80,13,1,2
BRDA:80,13,2,2
BRDA:102,14,0,0
BRDA:102,14,1,1
BRDA:104,15,0,0
BRDA:104,15,1,1
BRDA:132,16,0,0
BRDA:132,16,1,2
BRDA:134,17,0,0
BRDA:134,17,1,2
BRDA:145,18,0,1
BRDA:145,18,1,1
BRDA:165,19,0,0
BRDA:165,19,1,1
BRDA:167,20,0,0
BRDA:167,20,1,0
BRDA:171,21,0,1
BRDA:171,21,1,0
BRDA:173,22,0,0
BRDA:173,22,1,0
BRDA:174,23,0,0
BRDA:174,23,1,0
BRDA:212,24,0,0
BRDA:212,24,1,9
BRDA:214,25,0,2
BRDA:214,25,1,7
BRDA:214,26,0,9
BRDA:214,26,1,9
BRDA:219,27,0,2
BRDA:219,27,1,5
BRDA:220,28,0,7
BRDA:220,28,1,7
BRDA:220,28,2,6
BRDA:220,28,3,5
BRDA:220,28,4,5
BRDA:231,29,0,1
BRDA:231,29,1,4
BRDA:231,30,0,5
BRDA:231,30,1,5
BRDA:237,31,0,0
BRDA:237,31,1,4
BRDA:243,32,0,4
BRDA:243,32,1,0
BRDA:244,33,0,4
BRDA:244,33,1,0
BRDA:247,34,0,2
BRDA:247,34,1,2
BRDA:249,35,0,1
BRDA:249,35,1,1
BRDA:251,36,0,1
BRDA:251,36,1,0
BRF:79
BRH:59
end_of_record
TN:
SF:src\dashboard\routes\guildTempvc.js
FN:8,(anonymous_0)
FN:15,(anonymous_1)
FN:26,(anonymous_2)
FN:28,(anonymous_3)
FN:29,(anonymous_4)
FN:44,(anonymous_5)
FN:59,(anonymous_6)
FN:148,(anonymous_7)
FN:155,(anonymous_8)
FN:165,(anonymous_9)
FNF:10
FNH:5
FNDA:2,(anonymous_0)
FNDA:0,(anonymous_1)
FNDA:1,(anonymous_2)
FNDA:0,(anonymous_3)
FNDA:0,(anonymous_4)
FNDA:0,(anonymous_5)
FNDA:6,(anonymous_6)
FNDA:3,(anonymous_7)
FNDA:0,(anonymous_8)
FNDA:1,(anonymous_9)
DA:1,16
DA:2,16
DA:3,16
DA:5,16
DA:8,16
DA:9,2
DA:10,2
DA:11,2
DA:12,2
DA:13,2
DA:15,2
DA:16,2
DA:17,1
DA:20,1
DA:23,1
DA:24,1
DA:26,1
DA:27,1
DA:28,0
DA:29,0
DA:31,1
DA:44,0
DA:49,1
DA:51,0
DA:54,0
DA:59,16
DA:60,6
DA:61,6
DA:62,6
DA:63,6
DA:64,6
DA:66,6
DA:67,6
DA:68,1
DA:71,5
DA:72,5
DA:74,5
DA:75,2
DA:76,1
DA:80,1
DA:81,1
DA:84,4
DA:85,2
DA:101,2
DA:102,1
DA:104,1
DA:107,3
DA:108,2
DA:109,1
DA:111,1
DA:114,2
DA:115,2
DA:116,1
DA:120,1
DA:121,1
DA:124,1
DA:125,1
DA:126,1
DA:127,1
DA:128,0
DA:130,1
DA:133,1
DA:138,1
DA:140,0
DA:143,0
DA:148,16
DA:149,3
DA:150,3
DA:151,3
DA:152,3
DA:153,3
DA:155,3
DA:157,3
DA:166,1
DA:167,1
DA:177,0
DA:178,0
DA:182,16
LF:78
LH:68
BRDA:13,0,0,0
BRDA:13,0,1,2
BRDA:16,1,0,1
BRDA:16,1,1,1
BRDA:16,2,0,2
BRDA:16,2,1,1
BRDA:20,3,0,1
BRDA:20,3,1,0
BRDA:23,4,0,1
BRDA:23,4,1,0
BRDA:24,5,0,1
BRDA:24,5,1,0
BRDA:35,6,0,1
BRDA:35,6,1,0
BRDA:36,7,0,1
BRDA:36,7,1,1
BRDA:36,7,2,1
BRDA:38,8,0,1
BRDA:38,8,1,1
BRDA:39,9,0,0
BRDA:39,9,1,1
BRDA:40,10,0,1
BRDA:40,10,1,1
BRDA:41,11,0,1
BRDA:41,11,1,1
BRDA:64,12,0,0
BRDA:64,12,1,6
BRDA:67,13,0,1
BRDA:67,13,1,5
BRDA:74,14,0,2
BRDA:74,14,1,3
BRDA:75,15,0,1
BRDA:75,15,1,1
BRDA:75,16,0,2
BRDA:75,16,1,2
BRDA:75,16,2,1
BRDA:84,17,0,2
BRDA:84,17,1,2
BRDA:101,18,0,1
BRDA:101,18,1,1
BRDA:101,19,0,2
BRDA:101,19,1,2
BRDA:104,20,0,0
BRDA:104,20,1,1
BRDA:107,21,0,2
BRDA:107,21,1,1
BRDA:108,22,0,1
BRDA:108,22,1,1
BRDA:108,23,0,2
BRDA:108,23,1,2
BRDA:114,24,0,2
BRDA:114,24,1,0
BRDA:115,25,0,1
BRDA:115,25,1,1
BRDA:115,26,0,2
BRDA:115,26,1,2
BRDA:115,26,2,2
BRDA:124,27,0,1
BRDA:124,27,1,0
BRDA:125,28,0,1
BRDA:125,28,1,0
BRDA:127,29,0,0
BRDA:127,29,1,1
BRDA:153,30,0,0
BRDA:153,30,1,3
BRDA:158,31,0,3
BRDA:158,31,1,0
BRDA:161,32,0,3
BRDA:161,32,1,0
BRDA:164,33,0,3
BRDA:164,33,1,0
BRDA:171,34,0,0
BRDA:171,34,1,1
BRDA:171,35,0,0
BRDA:171,35,1,0
BRF:75
BRH:56
end_of_record
TN:
SF:src\dashboard\routes\guilds.js
FN:8,(anonymous_0)
FN:19,(anonymous_1)
FN:31,(anonymous_2)
FN:47,(anonymous_3)
FN:78,(anonymous_4)
FN:98,(anonymous_5)
FN:113,(anonymous_6)
FNF:7
FNH:2
FNDA:2,(anonymous_0)
FNDA:4,(anonymous_1)
FNDA:0,(anonymous_2)
FNDA:0,(anonymous_3)
FNDA:0,(anonymous_4)
FNDA:0,(anonymous_5)
FNDA:0,(anonymous_6)
DA:1,16
DA:2,16
DA:3,16
DA:5,16
DA:8,16
DA:9,2
DA:10,2
DA:11,2
DA:13,0
DA:14,0
DA:19,16
DA:20,4
DA:21,4
DA:22,4
DA:23,2
DA:25,0
DA:26,0
DA:31,16
DA:32,0
DA:33,0
DA:34,0
DA:35,0
DA:36,0
DA:38,0
DA:39,0
DA:41,0
DA:42,0
DA:47,16
DA:48,0
DA:49,0
DA:50,0
DA:51,0
DA:52,0
DA:53,0
DA:55,0
DA:56,0
DA:57,0
DA:59,0
DA:60,0
DA:61,0
DA:65,0
DA:67,0
DA:70,0
DA:72,0
DA:73,0
DA:78,16
DA:79,0
DA:80,0
DA:81,0
DA:82,0
DA:84,0
DA:85,0
DA:88,0
DA:90,0
DA:93,0
DA:98,16
DA:99,0
DA:100,0
DA:101,0
DA:102,0
DA:103,0
DA:105,0
DA:106,0
DA:112,0
DA:113,0
DA:118,0
DA:119,0
DA:120,0
DA:122,0
DA:123,0
DA:124,0
DA:125,0
DA:126,0
DA:129,0
DA:130,0
DA:131,0
DA:132,0
DA:133,0
DA:135,0
DA:136,0
DA:153,0
DA:154,0
DA:155,0
DA:156,0
DA:157,0
DA:158,0
DA:159,0
DA:160,0
DA:162,0
DA:167,0
DA:168,0
DA:170,0
DA:176,0
DA:177,0
DA:178,0
DA:181,0
DA:182,0
DA:186,0
DA:187,0
DA:189,0
DA:192,0
DA:198,16
LF:102
LH:18
BRDA:22,0,0,2
BRDA:22,0,1,2
BRDA:36,1,0,0
BRDA:36,1,1,0
BRDA:38,2,0,0
BRDA:38,2,1,0
BRDA:53,3,0,0
BRDA:53,3,1,0
BRDA:55,4,0,0
BRDA:55,4,1,0
BRDA:56,5,0,0
BRDA:56,5,1,0
BRDA:56,6,0,0
BRDA:56,6,1,0
BRDA:60,7,0,0
BRDA:60,7,1,0
BRDA:70,8,0,0
BRDA:70,8,1,0
BRDA:84,9,0,0
BRDA:84,9,1,0
BRDA:88,10,0,0
BRDA:88,10,1,0
BRDA:105,11,0,0
BRDA:105,11,1,0
BRDA:112,12,0,0
BRDA:112,12,1,0
BRDA:116,13,0,0
BRDA:119,14,0,0
BRDA:119,14,1,0
BRDA:120,15,0,0
BRDA:120,15,1,0
BRDA:122,16,0,0
BRDA:122,16,1,0
BRDA:129,17,0,0
BRDA:129,17,1,0
BRDA:130,18,0,0
BRDA:130,18,1,0
BRDA:132,19,0,0
BRDA:132,19,1,0
BRDA:133,20,0,0
BRDA:133,20,1,0
BRDA:135,21,0,0
BRDA:135,21,1,0
BRDA:153,22,0,0
BRDA:153,22,1,0
BRDA:154,23,0,0
BRDA:154,23,1,0
BRDA:156,24,0,0
BRDA:156,24,1,0
BRDA:157,25,0,0
BRDA:157,25,1,0
BRDA:159,26,0,0
BRDA:159,26,1,0
BRDA:160,27,0,0
BRDA:160,27,1,0
BRDA:167,28,0,0
BRDA:167,28,1,0
BRDA:168,29,0,0
BRDA:168,29,1,0
BRDA:176,30,0,0
BRDA:176,30,1,0
BRDA:177,31,0,0
BRDA:177,31,1,0
BRDA:194,32,0,0
BRDA:194,32,1,0
BRF:65
BRH:2
end_of_record
TN:
SF:src\dashboard\routes\logs.js
FN:13,(anonymous_0)
FN:23,(anonymous_1)
FNF:2
FNH:2
FNDA:2,(anonymous_0)
FNDA:7,(anonymous_1)
DA:1,16
DA:2,16
DA:8,16
DA:10,16
DA:13,16
DA:14,2
DA:15,2
DA:17,0
DA:18,0
DA:23,16
DA:24,7
DA:25,7
DA:26,7
DA:27,7
DA:29,7
DA:31,7
DA:32,0
DA:33,0
DA:34,0
DA:37,7
DA:38,4
DA:39,4
DA:41,3
DA:42,2
DA:43,1
DA:44,1
DA:45,0
DA:46,0
DA:50,16
LF:29
LH:22
BRDA:27,0,0,2
BRDA:27,0,1,5
BRDA:29,1,0,5
BRDA:29,1,1,2
BRDA:29,2,0,7
BRDA:29,2,1,2
BRDA:31,3,0,0
BRDA:31,3,1,7
BRDA:41,4,0,2
BRDA:41,4,1,1
BRDA:43,5,0,1
BRDA:43,5,1,0
BRF:12
BRH:10
end_of_record
TN:
SF:src\dashboard\routes\meta.js
FN:11,(anonymous_0)
FN:22,(anonymous_1)
FN:38,(anonymous_2)
FN:91,(anonymous_3)
FN:135,stripRange
FN:139,isOutdated
FN:150,fetchInChunks
FN:161,(anonymous_7)
FN:177,(anonymous_8)
FN:189,(anonymous_9)
FN:191,(anonymous_10)
FN:224,(anonymous_11)
FN:238,(anonymous_12)
FN:260,(anonymous_13)
FN:285,(anonymous_14)
FN:394,(anonymous_15)
FN:406,(anonymous_16)
FNF:17
FNH:16
FNDA:2,(anonymous_0)
FNDA:2,(anonymous_1)
FNDA:2,(anonymous_2)
FNDA:1,(anonymous_3)
FNDA:48,stripRange
FNDA:48,isOutdated
FNDA:3,fetchInChunks
FNDA:4,(anonymous_7)
FNDA:48,(anonymous_8)
FNDA:48,(anonymous_9)
FNDA:0,(anonymous_10)
FNDA:48,(anonymous_11)
FNDA:48,(anonymous_12)
FNDA:1,(anonymous_13)
FNDA:3,(anonymous_14)
FNDA:1,(anonymous_15)
FNDA:3,(anonymous_16)
DA:1,16
DA:2,16
DA:3,16
DA:4,16
DA:5,16
DA:6,16
DA:8,16
DA:11,16
DA:12,2
DA:13,2
DA:14,2
DA:16,0
DA:17,0
DA:22,16
DA:23,2
DA:24,2
DA:25,1
DA:31,1
DA:38,16
DA:39,2
DA:40,2
DA:41,2
DA:43,2
DA:44,2
DA:47,2
DA:52,2
DA:53,2
DA:54,2
DA:56,2
DA:57,2
DA:58,2
DA:61,2
DA:62,2
DA:63,2
DA:64,0
DA:65,0
DA:69,2
DA:70,2
DA:72,2
DA:85,0
DA:86,0
DA:91,16
DA:92,1
DA:93,1
DA:94,1
DA:96,1
DA:97,1
DA:98,1
DA:99,1
DA:119,0
DA:126,1
DA:128,0
DA:129,0
DA:133,16
DA:136,48
DA:140,48
DA:141,48
DA:142,48
DA:143,48
DA:144,79
DA:145,46
DA:147,15
DA:151,3
DA:152,3
DA:153,12
DA:154,12
DA:155,12
DA:157,3
DA:161,16
DA:162,4
DA:163,4
DA:165,4
DA:166,4
DA:167,1
DA:170,3
DA:171,3
DA:172,3
DA:176,3
DA:177,48
DA:187,3
DA:190,48
DA:191,48
DA:192,48
DA:193,48
DA:197,48
DA:198,48
DA:199,48
DA:200,48
DA:209,0
DA:218,48
DA:224,3
DA:225,48
DA:226,48
DA:228,0
DA:238,48
DA:239,3
DA:247,3
DA:252,3
DA:254,0
DA:255,0
DA:260,16
DA:261,1
DA:262,1
DA:263,1
DA:270,0
DA:275,1
DA:276,1
DA:277,1
DA:279,0
DA:280,0
DA:285,16
DA:286,3
DA:293,3
DA:294,3
DA:296,3
DA:297,3
DA:298,1
DA:301,2
DA:302,2
DA:303,2
DA:307,2
DA:309,2
DA:310,2
DA:311,1
DA:312,1
DA:316,2
DA:317,2
DA:320,2
DA:321,0
DA:324,2
DA:325,2
DA:326,0
DA:327,2
DA:328,2
DA:331,2
DA:332,2
DA:333,2
DA:334,2
DA:336,0
DA:339,2
DA:340,0
DA:342,2
DA:343,2
DA:348,2
DA:351,2
DA:352,2
DA:353,2
DA:354,2
DA:361,2
DA:365,2
DA:368,2
DA:369,2
DA:374,0
DA:379,2
DA:388,0
DA:389,0
DA:394,16
DA:395,1
DA:396,1
DA:397,1
DA:398,1
DA:400,0
DA:401,0
DA:406,16
DA:407,3
DA:408,3
DA:409,3
DA:411,3
DA:412,0
DA:415,3
DA:416,0
DA:421,3
DA:422,1
DA:427,2
DA:428,2
DA:429,2
DA:431,2
DA:433,2
DA:434,0
DA:435,0
DA:439,0
DA:447,2
DA:451,2
DA:453,2
DA:459,0
DA:460,0
DA:466,16
LF:187
LH:155
BRDA:24,0,0,1
BRDA:24,0,1,1
BRDA:24,1,0,2
BRDA:24,1,1,2
BRDA:24,1,2,2
BRDA:27,2,0,1
BRDA:27,2,1,0
BRDA:53,3,0,2
BRDA:53,3,1,0
BRDA:57,4,0,2
BRDA:57,4,1,0
BRDA:62,5,0,2
BRDA:62,5,1,0
BRDA:79,6,0,2
BRDA:79,6,1,2
BRDA:96,7,0,1
BRDA:96,7,1,0
BRDA:102,8,0,1
BRDA:102,8,1,0
BRDA:105,9,0,1
BRDA:105,9,1,0
BRDA:114,10,0,1
BRDA:114,10,1,0
BRDA:115,11,0,1
BRDA:115,11,1,0
BRDA:116,12,0,1
BRDA:116,12,1,0
BRDA:140,13,0,0
BRDA:140,13,1,48
BRDA:144,14,0,33
BRDA:144,14,1,46
BRDA:144,15,0,79
BRDA:144,15,1,0
BRDA:144,16,0,79
BRDA:144,16,1,0
BRDA:145,17,0,0
BRDA:145,17,1,46
BRDA:145,18,0,46
BRDA:145,18,1,0
BRDA:145,19,0,46
BRDA:145,19,1,0
BRDA:150,20,0,0
BRDA:165,21,0,4
BRDA:165,21,1,4
BRDA:166,22,0,1
BRDA:166,22,1,3
BRDA:166,23,0,4
BRDA:166,23,1,2
BRDA:166,23,2,1
BRDA:173,24,0,3
BRDA:173,24,1,0
BRDA:174,25,0,3
BRDA:174,25,1,0
BRDA:181,26,0,48
BRDA:181,26,1,0
BRDA:197,27,0,0
BRDA:197,27,1,48
BRDA:199,28,0,48
BRDA:199,28,1,0
BRDA:225,29,0,48
BRDA:225,29,1,0
BRDA:263,30,0,0
BRDA:263,30,1,1
BRDA:264,31,0,1
BRDA:264,31,1,1
BRDA:264,31,2,1
BRDA:264,31,3,1
BRDA:264,31,4,1
BRDA:297,32,0,1
BRDA:297,32,1,2
BRDA:297,33,0,3
BRDA:297,33,1,3
BRDA:310,34,0,1
BRDA:310,34,1,1
BRDA:316,35,0,2
BRDA:316,35,1,0
BRDA:320,36,0,0
BRDA:320,36,1,2
BRDA:324,37,0,2
BRDA:324,37,1,2
BRDA:325,38,0,0
BRDA:325,38,1,2
BRDA:327,39,0,2
BRDA:327,39,1,0
BRDA:333,40,0,2
BRDA:333,40,1,0
BRDA:339,41,0,0
BRDA:339,41,1,2
BRDA:351,42,0,2
BRDA:351,42,1,0
BRDA:351,42,2,0
BRDA:352,43,0,2
BRDA:352,43,1,0
BRDA:361,44,0,2
BRDA:361,44,1,0
BRDA:363,45,0,0
BRDA:363,45,1,0
BRDA:365,46,0,2
BRDA:365,46,1,0
BRDA:367,47,0,0
BRDA:367,47,1,0
BRDA:371,48,0,2
BRDA:371,48,1,0
BRDA:382,49,0,2
BRDA:382,49,1,0
BRDA:384,50,0,0
BRDA:384,50,1,0
BRDA:411,51,0,0
BRDA:411,51,1,3
BRDA:411,52,0,3
BRDA:411,52,1,3
BRDA:415,53,0,0
BRDA:415,53,1,3
BRDA:415,54,0,3
BRDA:415,54,1,2
BRDA:421,55,0,1
BRDA:421,55,1,2
BRDA:421,56,0,3
BRDA:421,56,1,2
BRDA:421,56,2,2
BRDA:433,57,0,0
BRDA:433,57,1,2
BRDA:434,58,0,0
BRDA:434,58,1,0
BRDA:447,59,0,1
BRDA:447,59,1,1
BRDA:456,60,0,1
BRDA:456,60,1,1
BRDA:462,61,0,0
BRDA:462,61,1,0
BRF:130
BRH:80
end_of_record
TN:
SF:src\dashboard\routes\sendmsg.js
FN:7,(anonymous_0)
FN:13,(anonymous_1)
FN:23,(anonymous_2)
FN:28,(anonymous_3)
FN:38,(anonymous_4)
FN:46,(anonymous_5)
FN:50,(anonymous_6)
FN:61,(anonymous_7)
FN:76,(anonymous_8)
FN:115,(anonymous_9)
FNF:10
FNH:8
FNDA:3,(anonymous_0)
FNDA:2,(anonymous_1)
FNDA:2,(anonymous_2)
FNDA:0,(anonymous_3)
FNDA:1,(anonymous_4)
FNDA:0,(anonymous_5)
FNDA:1,(anonymous_6)
FNDA:1,(anonymous_7)
FNDA:7,(anonymous_8)
FNDA:2,(anonymous_9)
DA:1,16
DA:2,16
DA:4,16
DA:7,16
DA:8,3
DA:9,3
DA:10,3
DA:12,2
DA:14,2
DA:15,2
DA:16,1
DA:18,1
DA:20,0
DA:23,2
DA:28,0
DA:30,2
DA:32,0
DA:33,0
DA:38,16
DA:39,1
DA:40,1
DA:41,1
DA:42,1
DA:43,1
DA:45,1
DA:46,1
DA:49,1
DA:51,1
DA:52,1
DA:53,1
DA:54,1
DA:61,1
DA:68,1
DA:70,0
DA:71,0
DA:76,16
DA:77,7
DA:86,7
DA:88,7
DA:89,0
DA:91,7
DA:92,0
DA:94,7
DA:95,1
DA:100,6
DA:101,6
DA:102,0
DA:105,6
DA:106,6
DA:107,0
DA:111,6
DA:114,6
DA:115,2
DA:116,1
DA:121,6
DA:122,1
DA:123,1
DA:124,1
DA:125,1
DA:126,1
DA:127,1
DA:129,5
DA:130,5
DA:131,0
DA:137,6
DA:138,6
DA:140,6
DA:141,6
DA:142,2
DA:144,6
DA:146,6
DA:152,6
DA:153,6
DA:154,5
DA:156,1
DA:159,0
DA:160,0
DA:164,16
LF:78
LH:65
BRDA:10,0,0,1
BRDA:10,0,1,2
BRDA:15,1,0,1
BRDA:15,1,1,1
BRDA:16,2,0,1
BRDA:16,2,1,1
BRDA:26,3,0,2
BRDA:26,3,1,1
BRDA:41,4,0,1
BRDA:41,4,1,0
BRDA:43,5,0,0
BRDA:43,5,1,1
BRDA:45,6,0,1
BRDA:45,6,1,0
BRDA:45,7,0,1
BRDA:45,7,1,0
BRDA:51,8,0,1
BRDA:51,8,1,0
BRDA:52,9,0,1
BRDA:52,9,1,1
BRDA:53,10,0,1
BRDA:53,10,1,0
BRDA:55,11,0,1
BRDA:55,11,1,1
BRDA:55,11,2,0
BRDA:55,11,3,0
BRDA:63,12,0,1
BRDA:63,12,1,0
BRDA:64,13,0,1
BRDA:64,13,1,0
BRDA:64,13,2,0
BRDA:83,14,0,6
BRDA:88,15,0,0
BRDA:88,15,1,7
BRDA:91,16,0,0
BRDA:91,16,1,7
BRDA:94,17,0,1
BRDA:94,17,1,6
BRDA:94,18,0,7
BRDA:94,18,1,1
BRDA:101,19,0,0
BRDA:101,19,1,6
BRDA:106,20,0,0
BRDA:106,20,1,6
BRDA:111,21,0,6
BRDA:111,21,1,0
BRDA:114,22,0,1
BRDA:114,22,1,5
BRDA:116,23,0,1
BRDA:116,23,1,0
BRDA:121,24,0,1
BRDA:121,24,1,5
BRDA:124,25,0,1
BRDA:124,25,1,0
BRDA:125,26,0,1
BRDA:125,26,1,0
BRDA:126,27,0,0
BRDA:126,27,1,1
BRDA:129,28,0,5
BRDA:129,28,1,0
BRDA:130,29,0,0
BRDA:130,29,1,5
BRDA:132,30,0,0
BRDA:132,30,1,0
BRDA:140,31,0,6
BRDA:140,31,1,0
BRDA:140,32,0,6
BRDA:140,32,1,6
BRF:68
BRH:43
end_of_record
TN:
SF:src\dashboard\routes\tiktok.js
FN:9,(anonymous_0)
FN:20,(anonymous_1)
FN:73,(anonymous_2)
FN:136,(anonymous_3)
FNF:4
FNH:4
FNDA:1,(anonymous_0)
FNDA:3,(anonymous_1)
FNDA:3,(anonymous_2)
FNDA:1,(anonymous_3)
DA:1,16
DA:2,16
DA:3,16
DA:4,16
DA:6,16
DA:9,16
DA:10,1
DA:11,1
DA:12,1
DA:14,0
DA:15,0
DA:20,16
DA:21,3
DA:22,3
DA:23,3
DA:25,3
DA:26,0
DA:28,3
DA:29,0
DA:32,3
DA:33,3
DA:34,1
DA:35,0
DA:39,1
DA:40,1
DA:47,2
DA:48,2
DA:50,1
DA:55,1
DA:65,1
DA:67,0
DA:68,0
DA:73,16
DA:74,3
DA:75,3
DA:78,3
DA:81,3
DA:82,1
DA:83,0
DA:87,1
DA:88,1
DA:94,2
DA:95,2
DA:96,0
DA:97,2
DA:98,2
DA:99,2
DA:100,0
DA:101,2
DA:102,0
DA:103,2
DA:104,0
DA:106,2
DA:107,0
DA:108,2
DA:109,0
DA:110,2
DA:114,0
DA:115,2
DA:119,0
DA:121,2
DA:126,2
DA:127,1
DA:128,1
DA:130,0
DA:131,0
DA:136,16
DA:137,1
DA:138,1
DA:139,1
DA:141,0
DA:142,0
DA:146,16
LF:73
LH:53
BRDA:25,0,0,0
BRDA:25,0,1,3
BRDA:25,1,0,3
BRDA:25,1,1,3
BRDA:28,2,0,0
BRDA:28,2,1,3
BRDA:28,3,0,3
BRDA:28,3,1,3
BRDA:33,4,0,1
BRDA:33,4,1,2
BRDA:33,5,0,3
BRDA:33,5,1,1
BRDA:34,6,0,0
BRDA:34,6,1,1
BRDA:39,7,0,1
BRDA:39,7,1,0
BRDA:59,8,0,1
BRDA:59,8,1,1
BRDA:60,9,0,1
BRDA:60,9,1,1
BRDA:78,10,0,1
BRDA:78,10,1,2
BRDA:81,11,0,1
BRDA:81,11,1,2
BRDA:81,12,0,3
BRDA:81,12,1,1
BRDA:82,13,0,0
BRDA:82,13,1,1
BRDA:87,14,0,1
BRDA:87,14,1,0
BRDA:95,15,0,0
BRDA:95,15,1,2
BRDA:97,16,0,2
BRDA:97,16,1,0
BRDA:99,17,0,0
BRDA:99,17,1,2
BRDA:101,18,0,0
BRDA:101,18,1,2
BRDA:102,19,0,0
BRDA:102,19,1,0
BRDA:103,20,0,0
BRDA:103,20,1,2
BRDA:104,21,0,0
BRDA:104,21,1,0
BRDA:106,22,0,0
BRDA:106,22,1,2
BRDA:106,23,0,2
BRDA:106,23,1,0
BRDA:108,24,0,0
BRDA:108,24,1,2
BRDA:108,25,0,2
BRDA:108,25,1,0
BRDA:110,26,0,0
BRDA:110,26,1,2
BRDA:111,27,0,2
BRDA:111,27,1,0
BRDA:114,28,0,0
BRDA:114,28,1,0
BRDA:115,29,0,0
BRDA:115,29,1,2
BRDA:116,30,0,2
BRDA:116,30,1,0
BRDA:119,31,0,0
BRDA:119,31,1,0
BRDA:126,32,0,1
BRDA:126,32,1,1
BRF:66
BRH:39
end_of_record
TN:
SF:src\dashboard\routes\youtube.js
FN:11,(anonymous_0)
FN:22,(anonymous_1)
FN:79,(anonymous_2)
FN:144,(anonymous_3)
FNF:4
FNH:4
FNDA:1,(anonymous_0)
FNDA:3,(anonymous_1)
FNDA:3,(anonymous_2)
FNDA:1,(anonymous_3)
DA:1,16
DA:2,16
DA:3,16
DA:6,16
DA:8,16
DA:11,16
DA:12,1
DA:13,1
DA:14,1
DA:16,0
DA:17,0
DA:22,16
DA:23,3
DA:24,3
DA:25,3
DA:27,3
DA:28,0
DA:30,3
DA:31,0
DA:34,3
DA:35,3
DA:36,1
DA:37,0
DA:41,1
DA:42,1
DA:49,2
DA:50,2
DA:52,1
DA:58,1
DA:71,1
DA:73,0
DA:74,0
DA:79,16
DA:80,3
DA:81,3
DA:84,3
DA:87,3
DA:88,1
DA:89,0
DA:93,1
DA:94,1
DA:100,2
DA:101,2
DA:102,1
DA:103,2
DA:104,0
DA:105,2
DA:106,0
DA:107,2
DA:108,0
DA:109,2
DA:110,0
DA:111,2
DA:112,0
DA:113,2
DA:114,0
DA:116,2
DA:125,14
DA:126,1
DA:129,2
DA:134,2
DA:135,1
DA:136,1
DA:138,0
DA:139,0
DA:144,16
DA:145,1
DA:146,1
DA:147,1
DA:149,0
DA:150,0
DA:154,16
LF:72
LH:54
BRDA:27,0,0,0
BRDA:27,0,1,3
BRDA:27,1,0,3
BRDA:27,1,1,3
BRDA:30,2,0,0
BRDA:30,2,1,3
BRDA:30,3,0,3
BRDA:30,3,1,3
BRDA:35,4,0,1
BRDA:35,4,1,2
BRDA:35,5,0,3
BRDA:35,5,1,1
BRDA:36,6,0,0
BRDA:36,6,1,1
BRDA:41,7,0,1
BRDA:41,7,1,0
BRDA:63,8,0,1
BRDA:63,8,1,1
BRDA:64,9,0,1
BRDA:64,9,1,1
BRDA:84,10,0,1
BRDA:84,10,1,2
BRDA:87,11,0,1
BRDA:87,11,1,2
BRDA:87,12,0,3
BRDA:87,12,1,1
BRDA:88,13,0,0
BRDA:88,13,1,1
BRDA:93,14,0,1
BRDA:93,14,1,0
BRDA:101,15,0,1
BRDA:101,15,1,1
BRDA:103,16,0,0
BRDA:103,16,1,2
BRDA:105,17,0,0
BRDA:105,17,1,2
BRDA:107,18,0,0
BRDA:107,18,1,2
BRDA:109,19,0,0
BRDA:109,19,1,2
BRDA:111,20,0,0
BRDA:111,20,1,2
BRDA:112,21,0,0
BRDA:112,21,1,0
BRDA:113,22,0,0
BRDA:113,22,1,2
BRDA:114,23,0,0
BRDA:114,23,1,0
BRDA:125,24,0,1
BRDA:125,24,1,13
BRDA:125,25,0,14
BRDA:125,25,1,1
BRDA:134,26,0,1
BRDA:134,26,1,1
BRF:54
BRH:38
end_of_record
TN:
SF:src\events\client\clientReady.js
FN:7,pausePresenceRotation
FN:10,resumePresenceRotation
FN:13,isRotationPaused
FN:17,getCustomActivities
FN:39,(anonymous_4)
FN:49,(anonymous_5)
FN:69,(anonymous_6)
FN:92,(anonymous_7)
FN:101,(anonymous_8)
FN:105,(anonymous_9)
FN:116,(anonymous_10)
FNF:11
FNH:11
FNDA:3,pausePresenceRotation
FNDA:3,resumePresenceRotation
FNDA:4,isRotationPaused
FNDA:7,getCustomActivities
FNDA:15,(anonymous_4)
FNDA:3,(anonymous_5)
FNDA:7,(anonymous_6)
FNDA:5,(anonymous_7)
FNDA:5,(anonymous_8)
FNDA:5,(anonymous_9)
FNDA:2,(anonymous_10)
DA:1,3
DA:2,3
DA:4,3
DA:6,3
DA:8,3
DA:11,3
DA:14,4
DA:18,7
DA:19,7
DA:20,7
DA:24,7
DA:25,4
DA:26,4
DA:27,3
DA:32,3
DA:33,3
DA:39,15
DA:46,4
DA:49,3
DA:50,3
DA:52,3
DA:53,3
DA:54,3
DA:58,3
DA:59,2
DA:60,2
DA:61,1
DA:62,1
DA:67,3
DA:69,3
DA:70,7
DA:71,7
DA:72,4
DA:92,3
DA:93,5
DA:94,5
DA:95,5
DA:96,5
DA:97,5
DA:101,5
DA:105,5
DA:108,5
DA:114,3
DA:116,3
DA:117,2
DA:118,2
DA:119,2
DA:123,3
DA:124,3
DA:125,3
DA:126,3
LF:51
LH:51
BRDA:24,0,0,4
BRDA:24,0,1,3
BRDA:27,1,0,3
BRDA:27,1,1,0
BRDA:28,2,0,3
BRDA:28,2,1,3
BRDA:28,2,2,3
BRDA:41,3,0,15
BRDA:41,3,1,3
BRDA:58,4,0,2
BRDA:58,4,1,1
BRDA:61,5,0,1
BRDA:61,5,1,0
BRDA:71,6,0,3
BRDA:71,6,1,4
BRDA:94,7,0,0
BRDA:94,7,1,5
BRDA:117,8,0,0
BRDA:117,8,1,2
BRF:19
BRH:15
end_of_record
TN:
SF:src\features\alarm\alarmButtonHelper.js
FN:24,resolvePage
FN:33,parsePaginationId
FN:43,showAlarmList
FN:66,showPaginatedSelect
FN:93,buildNewAlarmModal
FN:130,(anonymous_5)
FN:135,buildEditAlarmModal
FN:179,(anonymous_7)
FNF:8
FNH:6
FNDA:7,resolvePage
FNDA:6,parsePaginationId
FNDA:0,showAlarmList
FNDA:0,showPaginatedSelect
FNDA:3,buildNewAlarmModal
FNDA:12,(anonymous_5)
FNDA:3,buildEditAlarmModal
FNDA:12,(anonymous_7)
DA:6,2
DA:15,2
DA:17,2
DA:25,7
DA:26,7
DA:27,6
DA:28,4
DA:29,2
DA:30,7
DA:34,6
DA:35,6
DA:36,3
DA:37,3
DA:38,2
DA:39,2
DA:40,1
DA:50,0
DA:51,0
DA:52,0
DA:53,0
DA:59,0
DA:74,0
DA:78,0
DA:80,0
DA:81,0
DA:82,0
DA:84,0
DA:86,0
DA:94,3
DA:98,3
DA:129,3
DA:130,12
DA:132,3
DA:136,3
DA:137,3
DA:138,3
DA:139,3
DA:140,3
DA:141,3
DA:143,3
DA:147,3
DA:178,3
DA:179,12
DA:181,3
DA:184,2
LF:45
LH:33
BRDA:26,0,0,1
BRDA:26,0,1,6
BRDA:27,1,0,2
BRDA:27,1,1,4
BRDA:28,2,0,2
BRDA:28,2,1,2
BRDA:29,3,0,1
BRDA:29,3,1,1
BRDA:35,4,0,3
BRDA:35,4,1,3
BRDA:37,5,0,1
BRDA:37,5,1,2
BRDA:39,6,0,1
BRDA:39,6,1,1
BRDA:47,7,0,0
BRDA:48,8,0,0
BRDA:60,9,0,0
BRDA:60,9,1,0
BRDA:72,10,0,0
BRDA:81,11,0,0
BRDA:81,11,1,0
BRDA:154,12,0,3
BRDA:154,12,1,0
BRDA:175,13,0,3
BRDA:175,13,1,1
BRF:25
BRH:17
end_of_record
TN:
SF:src\features\alarm\alarmComponents.js
FN:19,buildAlarmButtons
FN:52,buildAlarmSelect
FN:58,(anonymous_2)
FN:74,buildAlarmToggleSelect
FN:80,(anonymous_4)
FN:103,buildBackButton
FN:112,buildDetailButtons
FN:174,buildRecurringSelectRow
FN:187,buildPaginationRow
FN:220,buildAlarmListComponents
FNF:10
FNH:2
FNDA:0,buildAlarmButtons
FNDA:0,buildAlarmSelect
FNDA:0,(anonymous_2)
FNDA:0,buildAlarmToggleSelect
FNDA:0,(anonymous_4)
FNDA:0,buildBackButton
FNDA:6,buildDetailButtons
FNDA:3,buildRecurringSelectRow
FNDA:0,buildPaginationRow
FNDA:0,buildAlarmListComponents
DA:9,4
DA:17,4
DA:20,0
DA:53,0
DA:54,0
DA:55,0
DA:56,0
DA:58,0
DA:63,0
DA:71,0
DA:75,0
DA:76,0
DA:77,0
DA:78,0
DA:80,0
DA:81,0
DA:82,0
DA:92,0
DA:100,0
DA:104,0
DA:113,6
DA:114,1
DA:126,5
DA:128,5
DA:147,5
DA:156,5
DA:164,5
DA:171,5
DA:175,3
DA:184,3
DA:188,0
DA:189,0
DA:191,0
DA:221,0
DA:222,0
DA:223,0
DA:224,0
DA:225,0
DA:227,0
DA:230,4
LF:40
LH:13
BRDA:52,0,0,0
BRDA:66,1,0,0
BRDA:66,1,1,0
BRDA:74,2,0,0
BRDA:85,3,0,0
BRDA:85,3,1,0
BRDA:95,4,0,0
BRDA:95,4,1,0
BRDA:113,5,0,1
BRDA:113,5,1,5
BRDA:139,6,0,4
BRDA:139,6,1,1
BRDA:140,7,0,4
BRDA:140,7,1,1
BRDA:196,8,0,0
BRDA:196,8,1,0
BRDA:201,9,0,0
BRDA:201,9,1,0
BRDA:211,10,0,0
BRDA:211,10,1,0
BRDA:216,11,0,0
BRDA:216,11,1,0
BRDA:220,12,0,0
BRDA:224,13,0,0
BRDA:224,13,1,0
BRF:25
BRH:6
end_of_record
TN:
SF:src\features\alarm\alarmEmbeds.js
FN:13,buildAlarmField
FN:30,buildAlarmListEmbed
FN:51,(anonymous_2)
FN:63,buildAlarmSetEmbed
FN:85,buildAlarmEditEmbed
FN:116,buildAlarmDetailEmbed
FNF:6
FNH:0
FNDA:0,buildAlarmField
FNDA:0,buildAlarmListEmbed
FNDA:0,(anonymous_2)
FNDA:0,buildAlarmSetEmbed
FNDA:0,buildAlarmEditEmbed
FNDA:0,buildAlarmDetailEmbed
DA:1,4
DA:2,4
DA:11,4
DA:14,0
DA:15,0
DA:17,0
DA:31,0
DA:32,0
DA:33,0
DA:34,0
DA:37,0
DA:40,0
DA:41,0
DA:51,0
DA:52,0
DA:55,0
DA:64,0
DA:65,0
DA:67,0
DA:68,0
DA:69,0
DA:72,0
DA:86,0
DA:88,0
DA:117,0
DA:119,0
DA:144,4
LF:27
LH:4
BRDA:30,0,0,0
BRDA:40,1,0,0
BRDA:40,1,1,0
BRDA:68,2,0,0
BRDA:68,2,1,0
BRDA:91,3,0,0
BRDA:91,3,1,0
BRDA:105,4,0,0
BRDA:105,4,1,0
BRDA:130,5,0,0
BRDA:130,5,1,0
BRF:11
BRH:0
end_of_record
TN:
SF:src\features\alarm\alarmFormatter.js
FNF:0
FNH:0
DA:1,4
LF:1
LH:1
BRF:0
BRH:0
end_of_record
TN:
SF:src\features\alarm\alarmFormatterHelper.js
FN:4,totalPages
FN:8,clampPage
FN:14,sliceForPage
FN:20,formatAlarmDate
FN:30,recurringLabel
FN:37,alarmStatus
FNF:6
FNH:6
FNDA:3,totalPages
FNDA:11,clampPage
FNDA:2,sliceForPage
FNDA:2,formatAlarmDate
FNDA:6,recurringLabel
FNDA:4,alarmStatus
DA:1,5
DA:2,5
DA:5,3
DA:9,11
DA:10,8
DA:11,6
DA:15,2
DA:16,2
DA:21,2
DA:22,2
DA:23,2
DA:24,2
DA:25,2
DA:26,2
DA:27,2
DA:31,6
DA:32,5
DA:33,4
DA:34,3
DA:38,4
DA:39,4
DA:40,3
DA:41,2
DA:42,1
DA:45,5
LF:25
LH:25
BRDA:9,0,0,3
BRDA:9,0,1,8
BRDA:9,1,0,11
BRDA:9,1,1,10
BRDA:10,2,0,2
BRDA:10,2,1,6
BRDA:31,3,0,1
BRDA:31,3,1,5
BRDA:32,4,0,1
BRDA:32,4,1,4
BRDA:33,5,0,1
BRDA:33,5,1,3
BRDA:39,6,0,1
BRDA:39,6,1,3
BRDA:40,7,0,1
BRDA:40,7,1,2
BRDA:41,8,0,1
BRDA:41,8,1,1
BRF:18
BRH:18
end_of_record
TN:
SF:src\features\alarm\alarmSchedulerHelper.js
FN:6,safeSetTimeout
FN:8,(anonymous_1)
FN:12,(anonymous_2)
FN:20,(anonymous_3)
FN:25,(anonymous_4)
FN:35,computeNextRecurringDate
FN:47,formatAlarmDateString
FN:56,recurringText
FN:63,buildScheduledEmbed
FNF:9
FNH:8
FNDA:3,safeSetTimeout
FNDA:3,(anonymous_1)
FNDA:2,(anonymous_2)
FNDA:0,(anonymous_3)
FNDA:1,(anonymous_4)
FNDA:5,computeNextRecurringDate
FNDA:1,formatAlarmDateString
FNDA:8,recurringText
FNDA:3,buildScheduledEmbed
DA:1,1
DA:2,1
DA:4,1
DA:7,3
DA:8,3
DA:9,3
DA:10,3
DA:11,3
DA:13,2
DA:17,3
DA:19,0
DA:20,0
DA:24,3
DA:25,3
DA:26,1
DA:27,1
DA:28,1
DA:29,1
DA:32,3
DA:36,5
DA:37,5
DA:38,2
DA:39,3
DA:40,1
DA:41,2
DA:42,1
DA:44,5
DA:48,1
DA:49,1
DA:50,1
DA:51,1
DA:52,1
DA:53,1
DA:57,8
DA:58,5
DA:59,4
DA:60,3
DA:72,3
DA:76,3
DA:89,1
LF:40
LH:38
BRDA:9,0,0,0
BRDA:9,0,1,3
BRDA:10,1,0,3
BRDA:10,1,1,0
BRDA:13,2,0,2
BRDA:13,2,1,0
BRDA:27,3,0,1
BRDA:27,3,1,0
BRDA:37,4,0,2
BRDA:37,4,1,3
BRDA:39,5,0,1
BRDA:39,5,1,2
BRDA:41,6,0,1
BRDA:41,6,1,1
BRDA:57,7,0,3
BRDA:57,7,1,5
BRDA:58,8,0,1
BRDA:58,8,1,4
BRDA:59,9,0,1
BRDA:59,9,1,3
BRDA:72,10,0,2
BRDA:72,10,1,1
BRF:22
BRH:18
end_of_record
TN:
SF:src\features\alarm\alarmService.js
FN:9,validateTime
FN:16,parseDate
FN:39,buildAlarmDate
FN:89,checkChannelPermissions
FN:105,createAlarm
FN:140,cancelAlarm
FN:145,toggleAlarm
FN:164,updateAlarm
FNF:8
FNH:4
FNDA:8,validateTime
FNDA:7,parseDate
FNDA:3,buildAlarmDate
FNDA:0,checkChannelPermissions
FNDA:0,createAlarm
FNDA:0,cancelAlarm
FNDA:0,toggleAlarm
FNDA:9,updateAlarm
DA:1,2
DA:2,2
DA:4,2
DA:5,2
DA:6,2
DA:7,2
DA:10,8
DA:11,3
DA:13,5
DA:17,7
DA:18,7
DA:19,0
DA:24,7
DA:25,7
DA:26,7
DA:28,7
DA:29,0
DA:32,7
DA:33,2
DA:36,5
DA:40,3
DA:41,3
DA:44,3
DA:45,3
DA:46,3
DA:47,3
DA:55,3
DA:59,0
DA:64,0
DA:73,3
DA:74,0
DA:75,0
DA:76,0
DA:77,0
DA:80,3
DA:81,0
DA:86,3
DA:90,0
DA:91,0
DA:94,0
DA:95,0
DA:96,0
DA:98,0
DA:99,0
DA:102,0
DA:118,0
DA:119,0
DA:121,0
DA:122,0
DA:134,0
DA:135,0
DA:137,0
DA:141,0
DA:142,0
DA:146,0
DA:147,0
DA:149,0
DA:150,0
DA:152,0
DA:154,0
DA:155,0
DA:156,0
DA:158,0
DA:161,0
DA:165,9
DA:166,9
DA:168,8
DA:170,8
DA:171,2
DA:172,2
DA:173,1
DA:177,7
DA:181,7
DA:182,4
DA:183,4
DA:184,4
DA:185,4
DA:186,4
DA:187,4
DA:189,4
DA:190,4
DA:192,4
DA:194,4
DA:195,4
DA:197,3
DA:198,1
DA:201,2
DA:202,2
DA:204,2
DA:205,2
DA:208,5
DA:209,5
DA:211,5
DA:212,1
DA:215,4
DA:216,4
DA:219,4
DA:221,4
DA:222,2
DA:223,2
DA:226,4
DA:229,2
LF:102
LH:66
BRDA:10,0,0,3
BRDA:10,0,1,5
BRDA:18,1,0,0
BRDA:18,1,1,7
BRDA:26,2,0,4
BRDA:26,2,1,3
BRDA:28,3,0,0
BRDA:28,3,1,7
BRDA:28,4,0,7
BRDA:28,4,1,4
BRDA:32,5,0,2
BRDA:32,5,1,5
BRDA:32,6,0,7
BRDA:32,6,1,7
BRDA:32,6,2,6
BRDA:32,6,3,6
BRDA:39,7,0,1
BRDA:44,8,0,3
BRDA:44,8,1,0
BRDA:46,9,0,0
BRDA:46,9,1,3
BRDA:55,10,0,0
BRDA:55,10,1,3
BRDA:56,11,0,3
BRDA:56,11,1,3
BRDA:73,12,0,0
BRDA:73,12,1,3
BRDA:73,13,0,3
BRDA:73,13,1,0
BRDA:74,14,0,0
BRDA:74,14,1,0
BRDA:75,15,0,0
BRDA:75,15,1,0
BRDA:76,16,0,0
BRDA:76,16,1,0
BRDA:80,17,0,0
BRDA:80,17,1,3
BRDA:80,18,0,3
BRDA:80,18,1,0
BRDA:90,19,0,0
BRDA:90,19,1,0
BRDA:95,20,0,0
BRDA:95,20,1,0
BRDA:98,21,0,0
BRDA:98,21,1,0
BRDA:115,22,0,0
BRDA:119,23,0,0
BRDA:119,23,1,0
BRDA:147,24,0,0
BRDA:147,24,1,0
BRDA:154,25,0,0
BRDA:154,25,1,0
BRDA:166,26,0,1
BRDA:166,26,1,8
BRDA:170,27,0,2
BRDA:170,27,1,6
BRDA:172,28,0,1
BRDA:172,28,1,1
BRDA:177,29,0,7
BRDA:177,29,1,4
BRDA:177,29,2,4
BRDA:181,30,0,4
BRDA:181,30,1,3
BRDA:189,31,0,3
BRDA:189,31,1,1
BRDA:190,32,0,0
BRDA:190,32,1,4
BRDA:192,33,0,1
BRDA:192,33,1,3
BRDA:195,34,0,1
BRDA:195,34,1,3
BRDA:197,35,0,1
BRDA:197,35,1,2
BRDA:202,36,0,0
BRDA:202,36,1,2
BRDA:208,37,0,1
BRDA:208,37,1,4
BRDA:209,38,0,0
BRDA:209,38,1,5
BRDA:211,39,0,1
BRDA:211,39,1,4
BRDA:219,40,0,4
BRDA:219,40,1,2
BRDA:219,40,2,1
BRDA:221,41,0,2
BRDA:221,41,1,2
BRDA:221,42,0,4
BRDA:221,42,1,3
BRF:88
BRH:57
end_of_record
TN:
SF:src\features\fixembed\fixembedPanelActions.js
FN:31,cleanStates
FN:37,getOrCreateState
FN:53,updateScreen
FN:166,handleToggleEnabled
FN:172,handleToggleBehavior
FN:180,handleToggleSpoiler
FN:188,handleViewIgnores
FN:198,handleSelectIgnoreList
FN:209,handleAddChannel
FN:221,handleAddUser
FN:233,handleAddRole
FN:245,handleRemoveChannelUserRole
FN:254,(anonymous_12)
FN:259,handleAddDomainKeywordBtn
FN:274,handleAddDomainKeywordModal
FN:304,handleRemoveDomainKeyword
FN:313,(anonymous_16)
FN:318,handleViewPlatforms
FN:328,handleSelectPlatformGroup
FN:344,handleSelectPlatform
FN:355,handleTogglePlatform
FN:376,handleSelectViewmode
FN:397,handleBackToIgnores
FN:407,handleBackToPlatforms
FN:417,handleBackToGroup
FN:432,(anonymous_25)
FN:440,handleReset
FNF:27
FNH:27
FNDA:31,cleanStates
FNDA:31,getOrCreateState
FNDA:19,updateScreen
FNDA:1,handleToggleEnabled
FNDA:1,handleToggleBehavior
FNDA:1,handleToggleSpoiler
FNDA:1,handleViewIgnores
FNDA:1,handleSelectIgnoreList
FNDA:1,handleAddChannel
FNDA:1,handleAddUser
FNDA:1,handleAddRole
FNDA:1,handleRemoveChannelUserRole
FNDA:1,(anonymous_12)
FNDA:1,handleAddDomainKeywordBtn
FNDA:1,handleAddDomainKeywordModal
FNDA:1,handleRemoveDomainKeyword
FNDA:1,(anonymous_16)
FNDA:1,handleViewPlatforms
FNDA:1,handleSelectPlatformGroup
FNDA:1,handleSelectPlatform
FNDA:1,handleTogglePlatform
FNDA:1,handleSelectViewmode
FNDA:1,handleBackToIgnores
FNDA:1,handleBackToPlatforms
FNDA:1,handleBackToGroup
FNDA:1,(anonymous_25)
FNDA:1,handleReset
DA:6,3
DA:7,3
DA:8,3
DA:9,3
DA:13,3
DA:19,3
DA:27,3
DA:29,3
DA:32,31
DA:33,29
DA:38,31
DA:39,31
DA:40,31
DA:41,2
DA:48,31
DA:49,31
DA:50,31
DA:54,19
DA:61,19
DA:63,3
DA:64,3
DA:65,3
DA:67,2
DA:68,2
DA:69,2
DA:71,7
DA:77,7
DA:82,7
DA:84,0
DA:90,0
DA:95,0
DA:97,0
DA:103,0
DA:108,0
DA:110,0
DA:116,0
DA:121,0
DA:123,0
DA:129,0
DA:134,0
DA:136,2
DA:137,2
DA:138,2
DA:140,2
DA:145,2
DA:149,2
DA:151,3
DA:156,3
DA:160,3
DA:162,19
DA:163,19
DA:167,1
DA:168,1
DA:169,1
DA:173,1
DA:174,1
DA:175,1
DA:176,1
DA:177,1
DA:181,1
DA:182,1
DA:185,1
DA:189,1
DA:194,1
DA:195,1
DA:199,1
DA:204,1
DA:205,1
DA:206,1
DA:210,1
DA:211,1
DA:212,1
DA:213,1
DA:214,1
DA:218,1
DA:222,1
DA:223,1
DA:224,1
DA:225,1
DA:226,1
DA:230,1
DA:234,1
DA:235,1
DA:236,1
DA:237,1
DA:238,1
DA:242,1
DA:246,1
DA:247,1
DA:248,1
DA:253,1
DA:254,1
DA:255,1
DA:256,1
DA:260,1
DA:263,1
DA:270,1
DA:271,1
DA:275,1
DA:276,1
DA:277,1
DA:278,1
DA:279,1
DA:280,1
DA:281,1
DA:282,1
DA:285,1
DA:291,1
DA:296,1
DA:297,1
DA:298,1
DA:300,0
DA:310,1
DA:311,1
DA:312,1
DA:313,1
DA:314,1
DA:315,1
DA:319,1
DA:324,1
DA:325,1
DA:329,1
DA:334,1
DA:335,1
DA:336,0
DA:338,1
DA:339,1
DA:341,1
DA:345,1
DA:350,1
DA:351,1
DA:352,1
DA:361,1
DA:366,1
DA:367,1
DA:368,1
DA:369,1
DA:370,1
DA:373,1
DA:382,1
DA:387,1
DA:388,1
DA:389,1
DA:390,1
DA:391,1
DA:394,1
DA:398,1
DA:403,1
DA:404,1
DA:408,1
DA:413,1
DA:414,1
DA:423,1
DA:428,1
DA:429,1
DA:432,1
DA:433,1
DA:435,1
DA:436,1
DA:437,1
DA:441,1
DA:452,1
DA:455,3
LF:163
LH:149
BRDA:33,0,0,0
BRDA:33,0,1,29
BRDA:40,1,0,2
BRDA:40,1,1,29
BRDA:61,2,0,3
BRDA:61,2,1,2
BRDA:61,2,2,7
BRDA:61,2,3,0
BRDA:61,2,4,0
BRDA:61,2,5,0
BRDA:61,2,6,0
BRDA:61,2,7,2
BRDA:61,2,8,2
BRDA:61,2,9,3
BRDA:175,3,0,1
BRDA:175,3,1,0
BRDA:205,4,0,0
BRDA:205,4,1,1
BRDA:212,5,0,1
BRDA:212,5,1,0
BRDA:224,6,0,1
BRDA:224,6,1,0
BRDA:236,7,0,1
BRDA:236,7,1,0
BRDA:248,8,0,1
BRDA:248,8,1,0
BRDA:250,9,0,0
BRDA:250,9,1,0
BRDA:262,10,0,1
BRDA:262,10,1,0
BRDA:265,11,0,1
BRDA:265,11,1,0
BRDA:267,12,0,1
BRDA:267,12,1,0
BRDA:277,13,0,1
BRDA:277,13,1,0
BRDA:278,14,0,1
BRDA:278,14,1,0
BRDA:280,15,0,1
BRDA:280,15,1,0
BRDA:289,16,0,1
BRDA:289,16,1,0
BRDA:311,17,0,1
BRDA:311,17,1,0
BRDA:335,18,0,0
BRDA:335,18,1,1
BRDA:366,19,0,1
BRDA:366,19,1,0
BRDA:368,20,0,1
BRDA:368,20,1,1
BRDA:387,21,0,1
BRDA:387,21,1,0
BRDA:389,22,0,1
BRDA:389,22,1,1
BRDA:428,23,0,1
BRDA:428,23,1,0
BRDA:432,24,0,1
BRDA:432,24,1,0
BRF:58
BRH:32
end_of_record
TN:
SF:src\features\fixembed\fixembedResolver.js
FN:7,extractFixedLinks
FN:32,(anonymous_1)
FN:42,(anonymous_2)
FNF:3
FNH:2
FNDA:4,extractFixedLinks
FNDA:4,(anonymous_1)
FNDA:0,(anonymous_2)
DA:1,1
DA:2,1
DA:3,1
DA:5,1
DA:13,4
DA:14,0
DA:16,4
DA:22,4
DA:23,1
DA:24,1
DA:32,4
DA:33,4
DA:34,4
DA:36,4
DA:37,4
DA:38,4
DA:39,4
DA:42,4
DA:45,4
DA:46,4
DA:48,4
DA:49,6
DA:52,4
DA:53,4
DA:58,4
DA:62,3
DA:64,3
DA:65,3
DA:66,3
DA:67,3
DA:80,0
DA:82,3
DA:86,4
DA:89,1
LF:34
LH:32
BRDA:9,0,0,3
BRDA:10,1,0,3
BRDA:13,2,0,0
BRDA:13,2,1,4
BRDA:13,3,0,4
BRDA:13,3,1,0
BRDA:22,4,0,1
BRDA:22,4,1,3
BRDA:32,5,0,4
BRDA:32,5,1,0
BRDA:38,6,0,0
BRDA:38,6,1,4
BRDA:42,7,0,0
BRDA:42,7,1,4
BRDA:46,8,0,0
BRDA:46,8,1,4
BRDA:46,9,0,4
BRDA:46,9,1,1
BRDA:49,10,0,2
BRDA:49,10,1,4
BRDA:52,11,0,4
BRDA:52,11,1,0
BRDA:53,12,0,4
BRDA:53,12,1,3
BRDA:58,13,0,1
BRDA:58,13,1,3
BRDA:62,14,0,3
BRDA:62,14,1,3
BRDA:62,14,2,0
BRDA:66,15,0,3
BRDA:66,15,1,0
BRDA:66,16,0,3
BRDA:66,16,1,3
BRF:33
BRH:24
end_of_record
TN:
SF:src\features\fixembed\fixembedResolverHelper.js
FN:2,resolveEmbedEZ
FN:7,(anonymous_1)
FN:38,isSpoiler
FNF:3
FNH:1
FNDA:0,resolveEmbedEZ
FNDA:0,(anonymous_1)
FNDA:8,isSpoiler
DA:1,2
DA:3,0
DA:4,0
DA:6,0
DA:7,0
DA:8,0
DA:9,0
DA:12,0
DA:13,0
DA:14,0
DA:15,0
DA:20,0
DA:22,0
DA:24,2
DA:31,2
DA:39,8
DA:40,8
DA:43,2
LF:18
LH:6
BRDA:12,0,0,0
BRDA:12,0,1,0
BRDA:14,1,0,0
BRDA:14,1,1,0
BRF:4
BRH:0
end_of_record
TN:
SF:src\features\fixembed\fixembedSettingsHelper.js
FN:40,buildOptions
FN:41,(anonymous_1)
FN:49,fmt
FN:53,buildMainPage
FN:77,(anonymous_4)
FN:82,(anonymous_5)
FN:87,(anonymous_6)
[...]
BRF:61
BRH:48
end_of_record
TN:
SF:src\persistence\commandStorage.js
FN:4,(anonymous_0)
FN:8,(anonymous_1)
FN:13,(anonymous_2)
FN:23,(anonymous_3)
FN:33,(anonymous_4)
FNF:5
FNH:5
FNDA:18,(anonymous_0)
FNDA:2,(anonymous_1)
FNDA:2,(anonymous_2)
FNDA:2,(anonymous_3)
FNDA:3,(anonymous_4)
DA:1,18
DA:5,18
DA:9,2
DA:10,2
DA:14,2
DA:15,2
DA:19,2
DA:20,2
DA:24,2
DA:25,2
DA:26,2
DA:27,2
DA:28,2
DA:30,0
DA:34,3
DA:35,3
DA:39,18
LF:17
LH:16
BRDA:10,0,0,2
BRDA:10,0,1,1
BRDA:16,1,0,2
BRDA:16,1,1,0
BRDA:17,2,0,2
BRDA:17,2,1,0
BRDA:25,3,0,2
BRDA:25,3,1,0
BRF:8
BRH:5
end_of_record
TN:
SF:src\persistence\donateSeenStorage.js
FN:11,ensureLoaded
FN:28,saveNow
FN:48,scheduleSave
FN:55,(anonymous_3)
FN:61,hasSeen
FN:70,markSeen
FN:82,getSeenCount
FNF:7
FNH:6
FNDA:19,ensureLoaded
FNDA:1,saveNow
FNDA:2,scheduleSave
FNDA:0,(anonymous_3)
FNDA:13,hasSeen
FNDA:2,markSeen
FNDA:4,getSeenCount
DA:1,5
DA:2,5
DA:4,5
DA:6,5
DA:7,5
DA:8,5
DA:9,5
DA:12,19
DA:13,4
DA:14,4
DA:15,3
DA:16,3
DA:17,3
DA:18,0
DA:21,1
DA:24,0
DA:29,1
DA:30,1
DA:31,1
DA:32,0
DA:34,1
DA:35,1
DA:36,1
DA:40,1
DA:41,1
DA:42,1
DA:43,1
DA:44,1
DA:49,2
DA:50,2
DA:51,0
DA:52,0
DA:53,2
DA:54,2
DA:55,2
DA:56,0
DA:62,13
DA:63,13
DA:64,13
DA:66,0
DA:71,2
DA:72,2
DA:73,2
DA:74,2
DA:75,2
DA:83,4
DA:84,4
DA:85,4
DA:87,0
DA:91,5
LF:50
LH:42
BRDA:12,0,0,15
BRDA:12,0,1,4
BRDA:14,1,0,3
BRDA:14,1,1,1
BRDA:17,2,0,0
BRDA:17,2,1,3
BRDA:17,3,0,3
BRDA:17,3,1,3
BRDA:31,4,0,0
BRDA:31,4,1,1
BRDA:42,5,0,1
BRDA:42,5,1,0
BRDA:50,6,0,0
BRDA:50,6,1,2
BRDA:51,7,0,0
BRDA:51,7,1,0
BRDA:53,8,0,2
BRDA:53,8,1,0
BRDA:73,9,0,2
BRDA:73,9,1,0
BRF:20
BRH:12
end_of_record
TN:
SF:src\persistence\fixembedStorage.js
FN:51,applyPlatformDefaults
FN:66,applyDefaults
FN:99,(anonymous_2)
FN:104,(anonymous_3)
FN:116,(anonymous_4)
FN:124,(anonymous_5)
FN:129,(anonymous_6)
FN:163,(anonymous_7)
FN:169,(anonymous_8)
FN:170,(anonymous_9)
FN:176,(anonymous_10)
FN:180,(anonymous_11)
FN:184,(anonymous_12)
FN:195,(anonymous_13)
FN:199,(anonymous_14)
FN:203,(anonymous_15)
FN:207,(anonymous_16)
FN:211,(anonymous_17)
FN:215,(anonymous_18)
FN:221,(anonymous_19)
FNF:20
FNH:20
FNDA:45,applyPlatformDefaults
FNDA:45,applyDefaults
FNDA:22,(anonymous_2)
FNDA:22,(anonymous_3)
FNDA:15,(anonymous_4)
FNDA:45,(anonymous_5)
FNDA:15,(anonymous_6)
FNDA:4,(anonymous_7)
FNDA:1,(anonymous_8)
FNDA:1,(anonymous_9)
FNDA:2,(anonymous_10)
FNDA:2,(anonymous_11)
FNDA:8,(anonymous_12)
FNDA:2,(anonymous_13)
FNDA:2,(anonymous_14)
FNDA:2,(anonymous_15)
FNDA:2,(anonymous_16)
FNDA:2,(anonymous_17)
FNDA:2,(anonymous_18)
FNDA:2,(anonymous_19)
DA:1,22
DA:2,22
DA:3,22
DA:5,22
DA:7,22
DA:9,22
DA:36,22
DA:52,45
DA:53,45
DA:54,1080
DA:55,1080
DA:57,0
DA:63,45
DA:68,45
DA:75,45
DA:82,45
DA:83,45
DA:85,45
DA:94,45
DA:95,45
DA:100,22
DA:101,22
DA:105,22
DA:106,22
DA:107,2
DA:109,22
DA:111,1
DA:112,1
DA:117,15
DA:118,15
DA:120,1
DA:125,45
DA:126,45
DA:130,15
DA:131,15
DA:134,15
DA:135,0
DA:140,0
DA:142,15
DA:143,1
DA:148,1
DA:152,15
DA:153,3
DA:154,12
DA:155,0
DA:158,15
DA:159,15
DA:160,15
DA:164,4
DA:165,4
DA:166,4
DA:167,3
DA:168,3
DA:169,2
DA:170,2
DA:171,1
DA:173,1
DA:177,2
DA:178,2
DA:179,2
DA:180,2
DA:185,8
DA:186,8
DA:187,8
DA:188,8
DA:189,8
DA:190,4
DA:191,8
DA:192,8
DA:196,2
DA:200,2
DA:204,2
DA:208,2
DA:212,2
DA:216,2
DA:217,2
DA:218,1
DA:222,2
DA:223,2
DA:224,1
DA:228,22
LF:81
LH:77
BRDA:54,0,0,1080
BRDA:54,0,1,0
BRDA:58,1,0,0
BRDA:58,1,1,0
BRDA:59,2,0,0
BRDA:59,2,1,0
BRDA:68,3,0,45
BRDA:68,3,1,38
BRDA:69,4,0,0
BRDA:69,4,1,38
BRDA:71,5,0,0
BRDA:71,5,1,38
BRDA:75,6,0,45
BRDA:75,6,1,36
BRDA:76,7,0,0
BRDA:76,7,1,36
BRDA:78,8,0,0
BRDA:78,8,1,36
BRDA:82,9,0,45
BRDA:82,9,1,14
BRDA:82,9,2,12
BRDA:83,10,0,45
BRDA:83,10,1,12
BRDA:106,11,0,2
BRDA:106,11,1,20
BRDA:125,12,0,45
BRDA:125,12,1,3
BRDA:130,13,0,15
BRDA:130,13,1,2
BRDA:134,14,0,0
BRDA:134,14,1,15
BRDA:141,15,0,0
BRDA:141,15,1,0
BRDA:142,16,0,1
BRDA:142,16,1,14
BRDA:148,17,0,1
BRDA:148,17,1,0
BRDA:152,18,0,3
BRDA:152,18,1,12
BRDA:154,19,0,0
BRDA:154,19,1,12
BRDA:165,20,0,0
BRDA:165,20,1,4
BRDA:166,21,0,1
BRDA:166,21,1,3
BRDA:167,22,0,3
BRDA:167,22,1,0
BRDA:168,23,0,1
BRDA:168,23,1,2
BRDA:169,24,0,2
BRDA:169,24,1,0
BRDA:170,25,0,1
BRDA:170,25,1,1
BRDA:180,26,0,2
BRDA:180,26,1,0
BRDA:186,27,0,8
BRDA:186,27,1,0
BRDA:189,28,0,4
BRDA:189,28,1,4
BRDA:217,29,0,1
BRDA:217,29,1,1
BRDA:223,30,0,1
BRDA:223,30,1,1
BRF:63
BRH:44
end_of_record
TN:
SF:src\persistence\jsonStorage.js
FN:10,(anonymous_0)
FN:25,(anonymous_1)
FN:31,(anonymous_2)
FN:34,(anonymous_3)
FN:38,(anonymous_4)
FN:46,(anonymous_5)
FN:64,(anonymous_6)
FN:90,(anonymous_7)
FN:112,(anonymous_8)
FN:113,(anonymous_9)
FN:116,(anonymous_10)
FN:120,(anonymous_11)
FN:148,(anonymous_12)
FN:155,(anonymous_13)
FN:160,(anonymous_14)
FN:164,(anonymous_15)
FN:169,(anonymous_16)
FN:174,(anonymous_17)
FN:186,(anonymous_18)
FN:189,(anonymous_19)
FN:198,(anonymous_20)
FN:203,(anonymous_21)
FN:212,(anonymous_22)
FN:227,(anonymous_23)
FN:233,(anonymous_24)
FN:249,(anonymous_25)
FN:255,(anonymous_26)
FN:270,(anonymous_27)
FNF:28
FNH:23
FNDA:94,(anonymous_0)
FNDA:158,(anonymous_1)
FNDA:50,(anonymous_2)
FNDA:0,(anonymous_3)
FNDA:0,(anonymous_4)
FNDA:21,(anonymous_5)
FNDA:29,(anonymous_6)
FNDA:4,(anonymous_7)
FNDA:19,(anonymous_8)
FNDA:19,(anonymous_9)
FNDA:0,(anonymous_10)
FNDA:34,(anonymous_11)
FNDA:21,(anonymous_12)
FNDA:0,(anonymous_13)
FNDA:34,(anonymous_14)
FNDA:0,(anonymous_15)
FNDA:1,(anonymous_16)
FNDA:1,(anonymous_17)
FNDA:4,(anonymous_18)
FNDA:2,(anonymous_19)
FNDA:2,(anonymous_20)
FNDA:1,(anonymous_21)
FNDA:6,(anonymous_22)
FNDA:4,(anonymous_23)
FNDA:2,(anonymous_24)
FNDA:3,(anonymous_25)
FNDA:1,(anonymous_26)
FNDA:1,(anonymous_27)
DA:1,27
DA:2,27
DA:3,27
DA:4,27
DA:6,27
DA:7,27
DA:11,94
DA:12,94
DA:13,94
DA:14,94
DA:15,94
DA:16,94
DA:17,94
DA:18,94
DA:19,94
DA:20,94
DA:22,94
DA:26,158
DA:27,26
DA:28,26
DA:32,50
DA:33,50
DA:34,18
DA:35,0
DA:36,0
DA:37,0
DA:38,0
DA:39,0
DA:43,18
DA:47,21
DA:48,15
DA:49,15
DA:51,21
DA:52,15
DA:53,15
DA:55,21
DA:56,16
DA:57,16
DA:65,29
DA:66,29
DA:68,29
DA:69,29
DA:70,14
DA:72,17
DA:73,2
DA:76,2
DA:77,2
DA:78,2
DA:79,1
DA:80,1
DA:82,1
DA:85,1
DA:89,13
DA:90,4
DA:93,13
DA:97,16
DA:98,15
DA:99,15
DA:100,15
DA:102,1
DA:105,1
DA:108,28
DA:109,28
DA:113,19
DA:114,19
DA:116,19
DA:117,19
DA:122,34
DA:123,34
DA:125,0
DA:128,0
DA:131,34
DA:132,34
DA:134,18
DA:135,0
DA:141,34
DA:142,34
DA:143,34
DA:146,34
DA:148,21
DA:152,34
DA:154,0
DA:155,0
DA:156,0
DA:162,34
DA:163,34
DA:164,0
DA:166,34
DA:170,1
DA:171,1
DA:175,1
DA:176,1
DA:177,1
DA:178,0
DA:179,0
DA:181,1
DA:182,1
DA:187,4
DA:188,4
DA:189,4
DA:190,3
DA:191,3
DA:193,1
DA:194,1
DA:199,2
DA:200,2
DA:201,2
DA:203,1
DA:204,1
DA:205,1
DA:207,1
DA:208,1
DA:213,6
DA:214,6
DA:215,6
DA:216,1
DA:220,5
DA:221,5
DA:222,5
DA:223,5
DA:224,5
DA:228,4
DA:229,4
DA:230,4
DA:231,2
DA:232,2
DA:233,2
DA:234,2
DA:235,2
DA:236,2
DA:237,2
DA:238,2
DA:241,1
DA:242,1
DA:244,1
DA:245,1
DA:250,3
DA:251,3
DA:252,3
DA:253,1
DA:254,1
DA:255,1
DA:256,1
DA:257,1
DA:258,1
DA:259,1
DA:260,1
DA:263,1
DA:265,1
DA:266,1
DA:271,1
DA:275,27
LF:152
LH:138
BRDA:26,0,0,132
BRDA:26,0,1,26
BRDA:27,1,0,26
BRDA:27,1,1,0
BRDA:33,2,0,32
BRDA:33,2,1,18
BRDA:36,3,0,0
BRDA:36,3,1,0
BRDA:43,4,0,18
BRDA:43,4,1,0
BRDA:47,5,0,15
BRDA:47,5,1,6
BRDA:51,6,0,15
BRDA:51,6,1,6
BRDA:55,7,0,16
BRDA:55,7,1,5
BRDA:72,8,0,15
BRDA:72,8,1,2
BRDA:90,9,0,2
BRDA:90,9,1,2
BRDA:97,10,0,15
BRDA:97,10,1,1
BRDA:113,11,0,19
BRDA:113,11,1,19
BRDA:134,12,0,0
BRDA:134,12,1,18
BRDA:146,13,0,34
BRDA:146,13,1,0
BRDA:146,14,0,34
BRDA:146,14,1,34
BRDA:148,15,0,5
BRDA:148,15,1,16
BRDA:162,16,0,34
BRDA:162,16,1,0
BRDA:162,17,0,34
BRDA:162,17,1,34
BRDA:163,18,0,0
BRDA:163,18,1,34
BRDA:177,19,0,1
BRDA:177,19,1,0
BRDA:189,20,0,4
BRDA:189,20,1,1
BRDA:190,21,0,2
BRDA:190,21,1,1
BRDA:215,22,0,1
BRDA:215,22,1,5
BRDA:220,23,0,5
BRDA:220,23,1,0
BRDA:232,24,0,0
BRDA:232,24,1,2
BRDA:234,25,0,2
BRDA:234,25,1,0
BRDA:254,26,0,0
BRDA:254,26,1,1
BRDA:256,27,0,1
BRDA:256,27,1,0
BRF:56
BRH:42
end_of_record
TN:
SF:src\persistence\levelSettingsStorage.js
FN:18,(anonymous_0)
FN:23,(anonymous_1)
FN:35,(anonymous_2)
FN:43,(anonymous_3)
FN:47,(anonymous_4)
FNF:5
FNH:5
FNDA:19,(anonymous_0)
FNDA:19,(anonymous_1)
FNDA:2,(anonymous_2)
FNDA:5,(anonymous_3)
FNDA:2,(anonymous_4)
DA:1,19
DA:2,19
DA:3,19
DA:5,19
DA:7,19
DA:9,19
DA:19,19
DA:20,19
DA:24,19
DA:25,19
DA:26,2
DA:28,19
DA:30,1
DA:31,1
DA:36,2
DA:37,2
DA:39,1
DA:44,5
DA:48,2
DA:49,2
DA:50,2
DA:54,19
LF:22
LH:22
BRDA:25,0,0,2
BRDA:25,0,1,17
BRDA:44,1,0,5
BRDA:44,1,1,2
BRF:4
BRH:4
end_of_record
TN:
SF:src\persistence\levelStorage.js
FN:8,(anonymous_0)
FN:14,(anonymous_1)
FN:47,(anonymous_2)
FN:48,(anonymous_3)
FN:89,(anonymous_4)
FN:93,(anonymous_5)
FN:104,(anonymous_6)
FN:116,(anonymous_7)
FN:120,(anonymous_8)
FN:122,(anonymous_9)
FNF:10
FNH:9
FNDA:5,(anonymous_0)
FNDA:7,(anonymous_1)
FNDA:4,(anonymous_2)
FNDA:4,(anonymous_3)
FNDA:0,(anonymous_4)
FNDA:1,(anonymous_5)
FNDA:2,(anonymous_6)
FNDA:2,(anonymous_7)
FNDA:2,(anonymous_8)
FNDA:4,(anonymous_9)
DA:1,2
DA:2,2
DA:3,2
DA:4,2
DA:5,2
DA:9,5
DA:10,5
DA:11,5
DA:15,7
DA:16,7
DA:17,7
DA:18,4
DA:19,3
DA:20,1
DA:23,1
DA:24,1
DA:25,1
DA:26,2
DA:27,2
DA:29,1
DA:31,3
DA:35,4
DA:36,3
DA:37,3
DA:38,3
DA:40,1
DA:41,1
DA:44,7
DA:48,4
DA:49,4
DA:53,2
DA:54,2
DA:57,4
DA:58,2
DA:61,4
DA:62,4
DA:63,3
DA:70,3
DA:73,4
DA:74,4
DA:76,4
DA:77,4
DA:79,4
DA:80,2
DA:81,2
DA:82,2
DA:85,4
DA:86,4
DA:89,4
DA:90,4
DA:94,1
DA:98,0
DA:99,0
DA:101,1
DA:105,2
DA:109,0
DA:110,0
DA:112,2
DA:113,2
DA:115,2
DA:116,2
DA:121,2
DA:122,4
DA:123,2
DA:127,2
LF:65
LH:61
BRDA:8,0,0,0
BRDA:19,1,0,1
BRDA:19,1,1,2
BRDA:26,2,0,1
BRDA:26,2,1,1
BRDA:35,3,0,3
BRDA:35,3,1,1
BRDA:49,4,0,2
BRDA:49,4,1,2
BRDA:50,5,0,4
BRDA:50,5,1,4
BRDA:50,5,2,2
BRDA:57,6,0,2
BRDA:57,6,1,2
BRDA:62,7,0,3
BRDA:62,7,1,1
BRDA:79,8,0,2
BRDA:79,8,1,2
BRDA:94,9,0,0
BRDA:94,9,1,1
BRDA:95,10,0,1
BRDA:95,10,1,1
BRDA:95,10,2,0
BRDA:101,11,0,1
BRDA:101,11,1,0
BRDA:105,12,0,0
BRDA:105,12,1,2
BRDA:106,13,0,2
BRDA:106,13,1,2
BRDA:106,13,2,0
BRDA:113,14,0,0
BRDA:113,14,1,2
BRDA:113,15,0,2
BRDA:113,15,1,2
BRDA:116,16,0,2
BRDA:116,16,1,0
BRDA:123,17,0,1
BRDA:123,17,1,1
BRF:38
BRH:30
end_of_record
TN:
SF:src\persistence\tempVcStorage.js
FN:13,defaultGuildData
FN:25,generateId
FN:29,safeNum
FN:33,arrayCopy
FN:38,(anonymous_4)
FN:42,(anonymous_5)
FN:59,(anonymous_6)
FN:64,(anonymous_7)
FN:69,(anonymous_8)
FN:101,(anonymous_9)
FN:110,(anonymous_10)
FN:119,(anonymous_11)
FN:124,(anonymous_12)
FN:129,(anonymous_13)
FN:132,(anonymous_14)
FN:136,(anonymous_15)
FN:163,(anonymous_16)
FN:177,(anonymous_17)
FN:185,(anonymous_18)
FN:190,(anonymous_19)
FN:195,(anonymous_20)
FN:216,(anonymous_21)
FN:225,(anonymous_22)
FN:233,(anonymous_23)
FN:238,(anonymous_24)
FN:240,(anonymous_25)
FN:243,(anonymous_26)
FN:262,(anonymous_27)
FN:264,(anonymous_28)
FN:271,(anonymous_29)
FN:276,(anonymous_30)
FN:283,(anonymous_31)
FNF:32
FNH:31
FNDA:11,defaultGuildData
FNDA:0,generateId
FNDA:4,safeNum
FNDA:4,arrayCopy
FNDA:23,(anonymous_4)
FNDA:65,(anonymous_5)
FNDA:6,(anonymous_6)
FNDA:3,(anonymous_7)
FNDA:4,(anonymous_8)
FNDA:2,(anonymous_9)
FNDA:4,(anonymous_10)
FNDA:4,(anonymous_11)
FNDA:2,(anonymous_12)
FNDA:3,(anonymous_13)
FNDA:2,(anonymous_14)
FNDA:3,(anonymous_15)
FNDA:3,(anonymous_16)
FNDA:3,(anonymous_17)
FNDA:3,(anonymous_18)
FNDA:2,(anonymous_19)
FNDA:1,(anonymous_20)
FNDA:2,(anonymous_21)
FNDA:2,(anonymous_22)
FNDA:3,(anonymous_23)
FNDA:1,(anonymous_24)
FNDA:1,(anonymous_25)
FNDA:2,(anonymous_26)
FNDA:2,(anonymous_27)
FNDA:2,(anonymous_28)
FNDA:2,(anonymous_29)
FNDA:2,(anonymous_30)
FNDA:3,(anonymous_31)
DA:1,17
DA:2,17
DA:3,17
DA:5,17
DA:14,11
DA:26,0
DA:30,4
DA:34,4
DA:39,23
DA:43,65
DA:44,65
DA:45,65
DA:46,65
DA:47,11
DA:48,11
DA:49,11
DA:51,54
DA:52,54
DA:53,54
DA:54,54
DA:55,54
DA:56,54
DA:60,6
DA:61,6
DA:65,3
DA:66,3
DA:70,4
DA:71,1
DA:75,3
DA:76,3
DA:95,3
DA:96,3
DA:97,3
DA:98,3
DA:102,2
DA:103,2
DA:104,2
DA:105,1
DA:106,1
DA:107,1
DA:111,4
DA:112,4
DA:113,2
DA:114,2
DA:115,2
DA:116,2
DA:120,4
DA:121,4
DA:125,2
DA:126,2
DA:130,3
DA:131,3
DA:132,2
DA:137,3
DA:138,1
DA:140,2
DA:141,2
DA:158,2
DA:159,2
DA:160,2
DA:164,3
DA:165,3
DA:166,3
DA:167,2
DA:173,2
DA:174,2
DA:178,3
DA:179,3
DA:180,2
DA:181,2
DA:182,2
DA:186,3
DA:187,3
DA:191,2
DA:192,2
DA:196,1
DA:197,1
DA:198,1
DA:199,1
DA:211,1
DA:212,1
DA:213,1
DA:217,2
DA:218,2
DA:219,2
DA:220,1
DA:221,1
DA:222,1
DA:226,2
DA:227,2
DA:228,1
DA:229,1
DA:230,1
DA:234,3
DA:235,3
DA:239,1
DA:240,1
DA:244,2
DA:245,1
DA:249,1
DA:250,1
DA:257,1
DA:258,1
DA:259,1
DA:263,2
DA:264,2
DA:265,2
DA:266,1
DA:267,1
DA:268,1
DA:272,2
DA:273,2
DA:277,2
DA:278,2
DA:279,2
DA:280,2
DA:284,3
DA:285,3
DA:289,17
DA:290,17
LF:120
LH:119
BRDA:29,0,0,3
BRDA:30,1,0,1
BRDA:30,1,1,3
BRDA:34,2,0,0
BRDA:34,2,1,4
BRDA:38,3,0,17
BRDA:44,4,0,0
BRDA:44,4,1,65
BRDA:46,5,0,11
BRDA:46,5,1,54
BRDA:51,6,0,0
BRDA:51,6,1,54
BRDA:52,7,0,0
BRDA:52,7,1,54
BRDA:53,8,0,0
BRDA:53,8,1,54
BRDA:54,9,0,0
BRDA:54,9,1,54
BRDA:55,10,0,54
BRDA:55,10,1,0
BRDA:61,11,0,6
BRDA:61,11,1,4
BRDA:70,12,0,1
BRDA:70,12,1,3
BRDA:70,13,0,4
BRDA:70,13,1,4
BRDA:78,14,0,3
BRDA:78,14,1,1
BRDA:79,15,0,3
BRDA:79,15,1,1
BRDA:80,16,0,2
BRDA:80,16,1,1
BRDA:83,17,0,2
BRDA:83,17,1,1
BRDA:86,18,0,1
BRDA:86,18,1,2
BRDA:88,19,0,1
BRDA:88,19,1,1
BRDA:91,20,0,3
BRDA:91,20,1,2
BRDA:92,21,0,3
BRDA:92,21,1,3
BRDA:93,22,0,3
BRDA:93,22,1,3
BRDA:104,23,0,1
BRDA:104,23,1,1
BRDA:112,24,0,2
BRDA:112,24,1,2
BRDA:121,25,0,4
BRDA:121,25,1,3
BRDA:132,26,0,3
BRDA:132,26,1,1
BRDA:137,27,0,1
BRDA:137,27,1,2
BRDA:137,28,0,3
BRDA:137,28,1,3
BRDA:143,29,0,2
BRDA:143,29,1,1
BRDA:146,30,0,2
BRDA:146,30,1,1
BRDA:152,31,0,2
BRDA:152,31,1,2
BRDA:153,32,0,2
BRDA:153,32,1,2
BRDA:154,33,0,2
BRDA:154,33,1,2
BRDA:155,34,0,2
BRDA:155,34,1,2
BRDA:156,35,0,2
BRDA:156,35,1,2
BRDA:166,36,0,1
BRDA:166,36,1,2
BRDA:179,37,0,1
BRDA:179,37,1,2
BRDA:187,38,0,3
BRDA:187,38,1,2
BRDA:197,39,0,1
BRDA:197,39,1,0
BRDA:198,40,0,1
BRDA:198,40,1,0
BRDA:201,41,0,1
BRDA:201,41,1,0
BRDA:202,42,0,1
BRDA:202,42,1,1
BRDA:203,43,0,1
BRDA:203,43,1,1
BRDA:208,44,0,1
BRDA:208,44,1,1
BRDA:209,45,0,1
BRDA:209,45,1,1
BRDA:219,46,0,1
BRDA:219,46,1,1
BRDA:227,47,0,1
BRDA:227,47,1,1
BRDA:244,48,0,1
BRDA:244,48,1,1
BRDA:244,49,0,2
BRDA:244,49,1,2
BRDA:244,49,2,1
BRDA:251,50,0,1
BRDA:251,50,1,0
BRDA:255,51,0,1
BRDA:255,51,1,1
BRDA:265,52,0,1
BRDA:265,52,1,1
BRDA:278,53,0,2
BRDA:278,53,1,0
BRF:107
BRH:95
end_of_record
TN:
SF:src\persistence\tiktokStorage.js
FN:8,defaultGuildData
FN:12,normalizeUsername
FN:18,(anonymous_2)
FN:22,(anonymous_3)
FN:35,(anonymous_4)
FN:40,(anonymous_5)
FN:42,(anonymous_6)
FN:47,(anonymous_7)
FN:50,(anonymous_8)
FN:53,(anonymous_9)
FN:75,(anonymous_10)
FN:77,(anonymous_11)
FN:86,(anonymous_12)
FN:88,(anonymous_13)
FN:101,(anonymous_14)
FNF:15
FNH:13
FNDA:4,defaultGuildData
FNDA:12,normalizeUsername
FNDA:20,(anonymous_2)
FNDA:20,(anonymous_3)
FNDA:6,(anonymous_4)
FNDA:0,(anonymous_5)
FNDA:0,(anonymous_6)
FNDA:3,(anonymous_7)
FNDA:3,(anonymous_8)
FNDA:4,(anonymous_9)
FNDA:4,(anonymous_10)
FNDA:4,(anonymous_11)
FNDA:3,(anonymous_12)
FNDA:2,(anonymous_13)
FNDA:4,(anonymous_14)
DA:1,18
DA:2,18
DA:3,18
DA:4,18
DA:9,4
DA:13,12
DA:14,12
DA:19,20
DA:23,20
DA:24,20
DA:25,20
DA:26,20
DA:27,4
DA:28,4
DA:29,4
DA:31,16
DA:32,16
DA:36,6
DA:37,6
DA:41,0
DA:42,0
DA:48,3
DA:49,3
DA:50,3
DA:54,4
DA:55,4
DA:67,4
DA:68,4
DA:69,4
DA:72,4
DA:76,4
DA:77,4
DA:78,4
DA:79,2
DA:80,2
DA:81,2
DA:82,2
DA:87,3
DA:88,3
DA:89,3
DA:90,2
DA:91,1
DA:93,2
DA:94,2
DA:95,2
DA:102,4
DA:103,4
DA:104,4
DA:105,3
DA:106,3
DA:107,3
DA:108,4
DA:109,4
DA:110,4
DA:113,4
DA:117,18
DA:118,18
DA:119,18
LF:58
LH:56
BRDA:13,0,0,0
BRDA:13,0,1,12
BRDA:18,1,0,18
BRDA:24,2,0,0
BRDA:24,2,1,20
BRDA:26,3,0,4
BRDA:26,3,1,16
BRDA:31,4,0,0
BRDA:31,4,1,16
BRDA:42,5,0,0
BRDA:42,5,1,0
BRDA:50,6,0,3
BRDA:50,6,1,1
BRDA:57,7,0,4
BRDA:57,7,1,4
BRDA:61,8,0,4
BRDA:61,8,1,4
BRDA:62,9,0,4
BRDA:62,9,1,4
BRDA:78,10,0,2
BRDA:78,10,1,2
BRDA:89,11,0,1
BRDA:89,11,1,2
BRDA:90,12,0,1
BRDA:90,12,1,1
BRDA:106,13,0,0
BRDA:106,13,1,3
BRDA:109,14,0,3
BRDA:109,14,1,1
BRF:29
BRH:23
end_of_record
TN:
SF:src\persistence\youtubeStorage.js
FN:8,defaultGuildData
FN:13,(anonymous_1)
FN:17,(anonymous_2)
FN:30,(anonymous_3)
FN:35,(anonymous_4)
FN:37,(anonymous_5)
FN:40,(anonymous_6)
FN:43,(anonymous_7)
FN:48,(anonymous_8)
FN:72,(anonymous_9)
FN:74,(anonymous_10)
FN:82,(anonymous_11)
FN:84,(anonymous_12)
FN:94,(anonymous_13)
FNF:14
FNH:12
FNDA:4,defaultGuildData
FNDA:19,(anonymous_1)
FNDA:21,(anonymous_2)
FNDA:7,(anonymous_3)
FNDA:0,(anonymous_4)
FNDA:0,(anonymous_5)
FNDA:4,(anonymous_6)
FNDA:4,(anonymous_7)
FNDA:4,(anonymous_8)
FNDA:4,(anonymous_9)
FNDA:3,(anonymous_10)
FNDA:2,(anonymous_11)
FNDA:1,(anonymous_12)
FNDA:4,(anonymous_13)
DA:1,17
DA:2,17
DA:3,17
DA:4,17
DA:9,4
DA:14,19
DA:18,21
DA:19,21
DA:20,21
DA:21,21
DA:22,4
DA:23,4
DA:24,4
DA:26,17
DA:27,17
DA:31,7
DA:32,7
DA:36,0
DA:37,0
DA:41,4
DA:42,4
DA:43,4
DA:49,4
DA:50,4
DA:64,4
DA:65,4
DA:66,4
DA:69,4
DA:73,4
DA:74,4
DA:75,4
DA:76,2
DA:77,2
DA:78,2
DA:79,2
DA:83,2
DA:84,2
DA:85,2
DA:86,1
DA:87,1
DA:88,1
DA:95,4
DA:96,4
DA:97,4
DA:98,3
DA:99,3
DA:100,3
DA:101,4
DA:102,3
DA:104,4
DA:107,4
DA:111,17
DA:112,17
LF:53
LH:51
BRDA:13,0,0,17
BRDA:19,1,0,0
BRDA:19,1,1,21
BRDA:21,2,0,4
BRDA:21,2,1,17
BRDA:26,3,0,0
BRDA:26,3,1,17
BRDA:37,4,0,0
BRDA:37,4,1,0
BRDA:43,5,0,4
BRDA:43,5,1,2
BRDA:56,6,0,4
BRDA:56,6,1,4
BRDA:57,7,0,4
BRDA:57,7,1,4
BRDA:75,8,0,2
BRDA:75,8,1,2
BRDA:85,9,0,1
BRDA:85,9,1,1
BRDA:99,10,0,0
BRDA:99,10,1,3
BRDA:101,11,0,3
BRDA:101,11,1,1
BRF:23
BRH:18
end_of_record
TN:
SF:tests\helpers\mockFactory.js
FN:2,createMockClient
FN:8,(anonymous_1)
FN:30,createMockGuild
FN:37,(anonymous_3)
FN:58,createMockTextChannel
FN:65,(anonymous_5)
FN:66,(anonymous_6)
FN:67,(anonymous_7)
FN:68,(anonymous_8)
FN:69,(anonymous_9)
FN:76,createMockVoiceChannel
FN:82,(anonymous_11)
FN:83,(anonymous_12)
FN:96,createMockInteraction
FN:106,(anonymous_14)
FN:109,(anonymous_15)
FN:115,(anonymous_16)
FN:119,(anonymous_17)
FN:128,(anonymous_18)
FN:129,(anonymous_19)
FN:130,(anonymous_20)
FN:131,(anonymous_21)
FN:132,(anonymous_22)
FN:133,(anonymous_23)
FN:134,(anonymous_24)
FN:135,(anonymous_25)
FN:136,(anonymous_26)
FN:137,(anonymous_27)
FN:140,(anonymous_28)
FN:141,(anonymous_29)
FN:149,createMockMessage
FN:158,(anonymous_31)
FN:170,createMockButtonInteraction
FN:180,(anonymous_33)
FN:181,(anonymous_34)
FN:186,createMockPlayer
FN:234,createTestApp
FNF:37
FNH:19
FNDA:216,createMockClient
FNDA:94,(anonymous_1)
FNDA:72,createMockGuild
FNDA:2,(anonymous_3)
FNDA:81,createMockTextChannel
FNDA:1,(anonymous_5)
FNDA:1,(anonymous_6)
FNDA:0,(anonymous_7)
FNDA:2,(anonymous_8)
FNDA:3,(anonymous_9)
FNDA:5,createMockVoiceChannel
FNDA:0,(anonymous_11)
FNDA:0,(anonymous_12)
FNDA:105,createMockInteraction
FNDA:0,(anonymous_14)
FNDA:21,(anonymous_15)
FNDA:61,(anonymous_16)
FNDA:30,(anonymous_17)
FNDA:3,(anonymous_18)
FNDA:10,(anonymous_19)
FNDA:0,(anonymous_20)
FNDA:0,(anonymous_21)
FNDA:0,(anonymous_22)
FNDA:0,(anonymous_23)
FNDA:0,(anonymous_24)
FNDA:0,(anonymous_25)
FNDA:0,(anonymous_26)
FNDA:0,(anonymous_27)
FNDA:0,(anonymous_28)
FNDA:2,(anonymous_29)
FNDA:0,createMockMessage
FNDA:0,(anonymous_31)
FNDA:34,createMockButtonInteraction
FNDA:0,(anonymous_33)
FNDA:0,(anonymous_34)
FNDA:0,createMockPlayer
FNDA:90,createTestApp
DA:3,216
DA:8,94
DA:31,72
DA:37,2
DA:52,72
DA:53,72
DA:54,72
DA:59,81
DA:65,1
DA:66,1
DA:67,0
DA:68,2
DA:69,3
DA:77,5
DA:82,0
DA:83,0
DA:97,105
DA:98,105
DA:106,0
DA:109,21
DA:116,61
DA:117,61
DA:120,30
DA:121,30
DA:128,3
DA:129,10
DA:130,0
DA:131,0
DA:132,0
DA:133,0
DA:134,0
DA:135,0
DA:136,0
DA:137,0
DA:140,0
DA:141,2
DA:144,105
DA:145,105
DA:150,0
DA:158,0
DA:171,34
DA:180,0
DA:181,0
DA:187,0
DA:235,90
DA:236,90
DA:237,90
DA:240,24
LF:48
LH:30
BRDA:2,0,0,126
BRDA:30,1,0,72
BRDA:58,2,0,0
BRDA:76,3,0,5
BRDA:96,4,0,71
BRDA:97,5,0,105
BRDA:97,5,1,105
BRDA:128,6,0,3
BRDA:128,6,1,3
BRDA:129,7,0,10
BRDA:129,7,1,10
BRDA:130,8,0,0
BRDA:130,8,1,0
BRDA:131,9,0,0
BRDA:131,9,1,0
BRDA:132,10,0,0
BRDA:132,10,1,0
BRDA:133,11,0,0
BRDA:133,11,1,0
BRDA:134,12,0,0
BRDA:134,12,1,0
BRDA:135,13,0,0
BRDA:135,13,1,0
BRDA:136,14,0,0
BRDA:136,14,1,0
BRDA:137,15,0,0
BRDA:137,15,1,0
BRDA:149,16,0,0
BRDA:170,17,0,34
BRDA:186,18,0,0
BRDA:234,19,0,17
BRF:31
BRH:12
end_of_record
